#
# There is insufficient memory for the Java Runtime Environment to continue.
# Native memory allocation (malloc) failed to allocate 592080 bytes. Error detail: Chunk::new
# Possible reasons:
#   The system is out of physical RAM or swap space
#   This process is running with CompressedOops enabled, and the Java Heap may be blocking the growth of the native heap
# Possible solutions:
#   Reduce memory load on the system
#   Increase physical memory or swap space
#   Check if swap backing store is full
#   Decrease Java heap size (-Xmx/-Xms)
#   Decrease number of Java threads
#   Decrease Java thread stack sizes (-Xss)
#   Set larger code cache with -XX:ReservedCodeCacheSize=
#   JVM is running with Unscaled Compressed Oops mode in which the Java heap is
#     placed in the first 4GB address space. The Java Heap base address is the
#     maximum limit for the native heap growth. Please use -XX:HeapBaseMinAddress
#     to set the Java Heap base and to place the Java Heap above 4GB virtual address.
# This output file may be truncated or incomplete.
#
#  Out of Memory Error (arena.cpp:168), pid=9156, tid=39304
#
# JRE version: OpenJDK Runtime Environment Temurin-21.0.10+7 (21.0.10+7) (build 21.0.10+7-LTS)
# Java VM: OpenJDK 64-Bit Server VM Temurin-21.0.10+7 (21.0.10+7-LTS, mixed mode, sharing, tiered, compressed oops, compressed class ptrs, parallel gc, windows-amd64)
# No core dump will be written. Minidumps are not enabled by default on client versions of Windows
#

---------------  S U M M A R Y ------------

Command Line: --add-modules=ALL-SYSTEM --add-opens=java.base/java.util=ALL-UNNAMED --add-opens=java.base/java.lang=ALL-UNNAMED --add-opens=java.base/sun.nio.fs=ALL-UNNAMED -Declipse.application=org.eclipse.jdt.ls.core.id1 -Dosgi.bundles.defaultStartLevel=4 -Declipse.product=org.eclipse.jdt.ls.core.product -Djava.import.generatesMetadataFilesAtProjectRoot=false -DDetectVMInstallationsJob.disabled=true -Dfile.encoding=utf8 -XX:+UseParallelGC -XX:GCTimeRatio=4 -XX:AdaptiveSizePolicyWeight=90 -Dsun.zip.disableMemoryMapping=true -Xmx2G -Xms100m -Xlog:disable -javaagent:c:\Users\ElSaeedA5\.vscode\extensions\redhat.java-1.53.0-win32-x64\lombok\lombok-1.18.39-4050.jar -XX:+HeapDumpOnOutOfMemoryError -XX:HeapDumpPath=c:\Users\ElSaeedA5\AppData\Roaming\Code\User\workspaceStorage\a149a0c17d2ed1ea57f619b48d71368e\redhat.java -Daether.dependencyCollector.impl=bf c:\Users\ElSaeedA5\.vscode\extensions\redhat.java-1.53.0-win32-x64\server\plugins\org.eclipse.equinox.launcher_1.7.100.v20251111-0406.jar -configuration c:\Users\ElSaeedA5\AppData\Roaming\Code\User\globalStorage\redhat.java\1.53.0\config_win -data c:\Users\ElSaeedA5\AppData\Roaming\Code\User\workspaceStorage\a149a0c17d2ed1ea57f619b48d71368e\redhat.java\jdt_ws --pipe=\\.\pipe\lsp-75ae21fef2aac85faaacbc199940d925-sock

Host: Intel(R) Core(TM) i7-10610U CPU @ 1.80GHz, 8 cores, 15G,  Windows 11 , 64 bit Build 22621 (10.0.22621.5415)
Time: Sun Apr 26 17:14:11 2026 Egypt Daylight Time elapsed time: 24.991282 seconds (0d 0h 0m 24s)

---------------  T H R E A D  ---------------

Current thread (0x000001fe35ecea60):  JavaThread "C2 CompilerThread0" daemon [_thread_in_native, id=39304, stack(0x0000007a03b00000,0x0000007a03c00000) (1024K)]


Current CompileTask:
C2:24991 9375   !   4       org.apache.maven.model.ModelBase::clone (397 bytes)

Stack: [0x0000007a03b00000,0x0000007a03c00000]
Native frames: (J=compiled Java code, j=interpreted, Vv=VM code, C=native code)
V  [jvm.dll+0x6d7a39]
V  [jvm.dll+0x8b4b26]
V  [jvm.dll+0x8b70de]
V  [jvm.dll+0x8b77c3]
V  [jvm.dll+0x284346]
V  [jvm.dll+0xc66ed]
V  [jvm.dll+0xc6c31]
V  [jvm.dll+0x3bec3b]
V  [jvm.dll+0x38b162]
V  [jvm.dll+0x38a5aa]
V  [jvm.dll+0x24c560]
V  [jvm.dll+0x24bb40]
V  [jvm.dll+0x1cb34e]
V  [jvm.dll+0x25b85d]
V  [jvm.dll+0x259dea]
V  [jvm.dll+0x3f857e]
V  [jvm.dll+0x85f59d]
V  [jvm.dll+0x6d626d]
C  [ucrtbase.dll+0x29333]
C  [KERNEL32.DLL+0x1259d]
C  [ntdll.dll+0x5af78]


---------------  P R O C E S S  ---------------

Threads class SMR info:
_java_thread_list=0x000001fe00adc620, length=40, elements={
0x000001fe1f43ed40, 0x000001fe1f4fd590, 0x000001fe1f4fe550, 0x000001fe35eb9f50,
0x000001fe35ebd3c0, 0x000001fe35ebf630, 0x000001fe35ecab00, 0x000001fe35ecea60,
0x000001fe35ecf5b0, 0x000001fe789bc760, 0x000001fe789bcdf0, 0x000001fe789b9970,
0x000001fe789bc0d0, 0x000001fe789ba000, 0x000001fe789ba690, 0x000001fe789bad20,
0x000001fe789bba40, 0x000001fe7d65e430, 0x000001fe7d65c9f0, 0x000001fe7d65f7e0,
0x000001fe7d663980, 0x000001fe7d660500, 0x000001fe7d664010, 0x000001fe7d662c60,
0x000001fe7d6632f0, 0x000001fe7d65d080, 0x000001fe7d65fe70, 0x000001fe7d65dda0,
0x000001fe7d660b90, 0x000001fe7d65d710, 0x000001fe7d65eac0, 0x000001fe7d65f150,
0x000001fe7f39a280, 0x000001fe7f398ed0, 0x000001fe7f3981b0, 0x000001fe7f398840,
0x000001fe7f399560, 0x000001fe7f395a50, 0x000001fe7f396770, 0x000001fe00687ad0
}

Java Threads: ( => current thread )
  0x000001fe1f43ed40 JavaThread "main"                              [_thread_blocked, id=32252, stack(0x0000007a03100000,0x0000007a03200000) (1024K)]
  0x000001fe1f4fd590 JavaThread "Reference Handler"          daemon [_thread_blocked, id=13716, stack(0x0000007a03500000,0x0000007a03600000) (1024K)]
  0x000001fe1f4fe550 JavaThread "Finalizer"                  daemon [_thread_blocked, id=3628, stack(0x0000007a03600000,0x0000007a03700000) (1024K)]
  0x000001fe35eb9f50 JavaThread "Signal Dispatcher"          daemon [_thread_blocked, id=24452, stack(0x0000007a03700000,0x0000007a03800000) (1024K)]
  0x000001fe35ebd3c0 JavaThread "Attach Listener"            daemon [_thread_blocked, id=828, stack(0x0000007a03800000,0x0000007a03900000) (1024K)]
  0x000001fe35ebf630 JavaThread "Service Thread"             daemon [_thread_blocked, id=3012, stack(0x0000007a03900000,0x0000007a03a00000) (1024K)]
  0x000001fe35ecab00 JavaThread "Monitor Deflation Thread"   daemon [_thread_blocked, id=28684, stack(0x0000007a03a00000,0x0000007a03b00000) (1024K)]
=>0x000001fe35ecea60 JavaThread "C2 CompilerThread0"         daemon [_thread_in_native, id=39304, stack(0x0000007a03b00000,0x0000007a03c00000) (1024K)]
  0x000001fe35ecf5b0 JavaThread "C1 CompilerThread0"         daemon [_thread_blocked, id=2404, stack(0x0000007a03c00000,0x0000007a03d00000) (1024K)]
  0x000001fe789bc760 JavaThread "Common-Cleaner"             daemon [_thread_blocked, id=36252, stack(0x0000007a03e00000,0x0000007a03f00000) (1024K)]
  0x000001fe789bcdf0 JavaThread "Notification Thread"        daemon [_thread_blocked, id=20196, stack(0x0000007a03f00000,0x0000007a04000000) (1024K)]
  0x000001fe789b9970 JavaThread "Active Thread: Equinox Container: 06b12ad4-0f73-4f98-9be8-a94b1acc456f"        [_thread_blocked, id=35620, stack(0x0000007a04600000,0x0000007a04700000) (1024K)]
  0x000001fe789bc0d0 JavaThread "Refresh Thread: Equinox Container: 06b12ad4-0f73-4f98-9be8-a94b1acc456f" daemon [_thread_blocked, id=32068, stack(0x0000007a04700000,0x0000007a04800000) (1024K)]
  0x000001fe789ba000 JavaThread "Framework Event Dispatcher: Equinox Container: 06b12ad4-0f73-4f98-9be8-a94b1acc456f" daemon [_thread_blocked, id=20864, stack(0x0000007a04800000,0x0000007a04900000) (1024K)]
  0x000001fe789ba690 JavaThread "Start Level: Equinox Container: 06b12ad4-0f73-4f98-9be8-a94b1acc456f" daemon [_thread_blocked, id=19024, stack(0x0000007a04900000,0x0000007a04a00000) (1024K)]
  0x000001fe789bad20 JavaThread "Bundle File Closer"         daemon [_thread_blocked, id=1844, stack(0x0000007a04b00000,0x0000007a04c00000) (1024K)]
  0x000001fe789bba40 JavaThread "SCR Component Actor"        daemon [_thread_blocked, id=19412, stack(0x0000007a04a00000,0x0000007a04b00000) (1024K)]
  0x000001fe7d65e430 JavaThread "Worker-JM"                         [_thread_blocked, id=35052, stack(0x0000007a04d00000,0x0000007a04e00000) (1024K)]
  0x000001fe7d65c9f0 JavaThread "JNA Cleaner"                daemon [_thread_blocked, id=20800, stack(0x0000007a04e00000,0x0000007a04f00000) (1024K)]
  0x000001fe7d65f7e0 JavaThread "Worker-0: Processing Java changes since last activation"        [_thread_blocked, id=2440, stack(0x0000007a04f00000,0x0000007a05000000) (1024K)]
  0x000001fe7d663980 JavaThread "Worker-1"                          [_thread_blocked, id=40112, stack(0x0000007a05000000,0x0000007a05100000) (1024K)]
  0x000001fe7d660500 JavaThread "Worker-2: Building"                [_thread_in_vm, id=7528, stack(0x0000007a05100000,0x0000007a05200000) (1024K)]
  0x000001fe7d664010 JavaThread "Worker-3"                          [_thread_blocked, id=31364, stack(0x0000007a04c00000,0x0000007a04d00000) (1024K)]
  0x000001fe7d662c60 JavaThread "Java indexing"              daemon [_thread_blocked, id=29872, stack(0x0000007a05300000,0x0000007a05400000) (1024K)]
  0x000001fe7d6632f0 JavaThread "Worker-4"                          [_thread_blocked, id=39972, stack(0x0000007a05600000,0x0000007a05700000) (1024K)]
  0x000001fe7d65d080 JavaThread "Thread-1"                   daemon [_thread_in_native, id=2476, stack(0x0000007a05700000,0x0000007a05800000) (1024K)]
  0x000001fe7d65fe70 JavaThread "Thread-2"                   daemon [_thread_in_native, id=2616, stack(0x0000007a05800000,0x0000007a05900000) (1024K)]
  0x000001fe7d65dda0 JavaThread "Thread-3"                   daemon [_thread_in_native, id=15788, stack(0x0000007a05900000,0x0000007a05a00000) (1024K)]
  0x000001fe7d660b90 JavaThread "Thread-4"                   daemon [_thread_in_native, id=34440, stack(0x0000007a05a00000,0x0000007a05b00000) (1024K)]
  0x000001fe7d65d710 JavaThread "Thread-5"                   daemon [_thread_in_native, id=6612, stack(0x0000007a05b00000,0x0000007a05c00000) (1024K)]
  0x000001fe7d65eac0 JavaThread "Thread-6"                   daemon [_thread_in_native, id=38092, stack(0x0000007a05c00000,0x0000007a05d00000) (1024K)]
  0x000001fe7d65f150 JavaThread "Thread-7"                   daemon [_thread_in_native, id=21944, stack(0x0000007a05d00000,0x0000007a05e00000) (1024K)]
  0x000001fe7f39a280 JavaThread "Thread-8"                   daemon [_thread_in_native, id=24692, stack(0x0000007a05e00000,0x0000007a05f00000) (1024K)]
  0x000001fe7f398ed0 JavaThread "Thread-9"                   daemon [_thread_in_native, id=41608, stack(0x0000007a05f00000,0x0000007a06000000) (1024K)]
  0x000001fe7f3981b0 JavaThread "pool-2-thread-1"                   [_thread_blocked, id=41816, stack(0x0000007a06000000,0x0000007a06100000) (1024K)]
  0x000001fe7f398840 JavaThread "Worker-5"                          [_thread_blocked, id=1020, stack(0x0000007a06100000,0x0000007a06200000) (1024K)]
  0x000001fe7f399560 JavaThread "Worker-6"                          [_thread_blocked, id=31576, stack(0x0000007a06200000,0x0000007a06300000) (1024K)]
  0x000001fe7f395a50 JavaThread "WorkspaceEventsHandler"            [_thread_blocked, id=1192, stack(0x0000007a06300000,0x0000007a06400000) (1024K)]
  0x000001fe7f396770 JavaThread "pool-1-thread-1"                   [_thread_blocked, id=25528, stack(0x0000007a06400000,0x0000007a06500000) (1024K)]
  0x000001fe00687ad0 JavaThread "C2 CompilerThread1"         daemon [_thread_in_native, id=37252, stack(0x0000007a06a00000,0x0000007a06b00000) (1024K)]
Total: 40

Other Threads:
  0x000001fe1f4e2690 VMThread "VM Thread"                           [id=13748, stack(0x0000007a03400000,0x0000007a03500000) (1024K)]
  0x000001fe1f4acd60 WatcherThread "VM Periodic Task Thread"        [id=14984, stack(0x0000007a03300000,0x0000007a03400000) (1024K)]
  0x000001fe1f45f110 WorkerThread "GC Thread#0"                     [id=8048, stack(0x0000007a03200000,0x0000007a03300000) (1024K)]
  0x000001fe7d4ba800 WorkerThread "GC Thread#1"                     [id=39260, stack(0x0000007a04000000,0x0000007a04100000) (1024K)]
  0x000001fe7d4babb0 WorkerThread "GC Thread#2"                     [id=12528, stack(0x0000007a04100000,0x0000007a04200000) (1024K)]
  0x000001fe7d4baf60 WorkerThread "GC Thread#3"                     [id=37808, stack(0x0000007a04200000,0x0000007a04300000) (1024K)]
  0x000001fe7d5b6c80 WorkerThread "GC Thread#4"                     [id=41644, stack(0x0000007a04300000,0x0000007a04400000) (1024K)]
  0x000001fe7d1e2df0 WorkerThread "GC Thread#5"                     [id=37148, stack(0x0000007a04400000,0x0000007a04500000) (1024K)]
  0x000001fe7d1e31a0 WorkerThread "GC Thread#6"                     [id=14400, stack(0x0000007a04500000,0x0000007a04600000) (1024K)]
  0x000001fe7dbee810 WorkerThread "GC Thread#7"                     [id=23704, stack(0x0000007a03d00000,0x0000007a03e00000) (1024K)]
Total: 10

Threads with active compile tasks:
C2 CompilerThread0  25028 9375   !   4       org.apache.maven.model.ModelBase::clone (397 bytes)
C2 CompilerThread1  25028 9409       4       java.util.jar.Attributes::putValue (13 bytes)
Total: 2

VM state: not at safepoint (normal execution)

VM Mutex/Monitor currently owned by a thread: None

Heap address: 0x0000000080000000, size: 2048 MB, Compressed Oops mode: 32-bit

CDS archive(s) mapped at: [0x000001fe36000000-0x000001fe36ba0000-0x000001fe36ba0000), size 12189696, SharedBaseAddress: 0x000001fe36000000, ArchiveRelocationMode: 1.
Compressed class space mapped at: 0x000001fe37000000-0x000001fe77000000, reserved size: 1073741824
Narrow klass base: 0x000001fe36000000, Narrow klass shift: 0, Narrow klass range: 0x100000000

GC Precious Log:
 CardTable entry size: 512
 CPUs: 8 total, 8 available
 Memory: 16102M
 Large Page Support: Disabled
 NUMA Support: Disabled
 Compressed Oops: Enabled (32-bit)
 Alignments: Space 512K, Generation 512K, Heap 2M
 Heap Min Capacity: 100M
 Heap Initial Capacity: 100M
 Heap Max Capacity: 2G
 Pre-touch: Disabled
 Parallel Workers: 8

Heap:
 PSYoungGen      total 17408K, used 10567K [0x00000000d5580000, 0x00000000d6900000, 0x0000000100000000)
  eden space 15872K, 59% used [0x00000000d5580000,0x00000000d5ec2c48,0x00000000d6500000)
  from space 1536K, 70% used [0x00000000d6780000,0x00000000d688f240,0x00000000d6900000)
  to   space 1536K, 0% used [0x00000000d6600000,0x00000000d6600000,0x00000000d6780000)
 ParOldGen       total 68608K, used 41876K [0x0000000080000000, 0x0000000084300000, 0x00000000d5580000)
  object space 68608K, 61% used [0x0000000080000000,0x00000000828e5388,0x0000000084300000)
 Metaspace       used 55565K, committed 56896K, reserved 1114112K
  class space    used 6028K, committed 6592K, reserved 1048576K

Card table byte_map: [0x000001fe1edf0000,0x000001fe1f200000] _byte_map_base: 0x000001fe1e9f0000

Marking Bits: (ParMarkBitMap*) 0x00007ffb6e043450
 Begin Bits: [0x000001fe318f0000, 0x000001fe338f0000)
 End Bits:   [0x000001fe338f0000, 0x000001fe358f0000)

Polling page: 0x000001fe1d430000

Metaspace:

Usage:
  Non-class:     48.38 MB used.
      Class:      5.89 MB used.
       Both:     54.26 MB used.

Virtual space:
  Non-class space:       64.00 MB reserved,      49.12 MB ( 77%) committed,  1 nodes.
      Class space:        1.00 GB reserved,       6.44 MB ( <1%) committed,  1 nodes.
             Both:        1.06 GB reserved,      55.56 MB (  5%) committed. 

Chunk freelists:
   Non-Class:  14.33 MB
       Class:  9.44 MB
        Both:  23.77 MB

MaxMetaspaceSize: unlimited
CompressedClassSpaceSize: 1.00 GB
Initial GC threshold: 21.00 MB
Current GC threshold: 58.38 MB
CDS: on
 - commit_granule_bytes: 65536.
 - commit_granule_words: 8192.
 - virtual_space_node_default_size: 8388608.
 - enlarge_chunks_in_place: 1.
 - use_allocation_guard: 0.


Internal statistics:

num_allocs_failed_limit: 6.
num_arena_births: 1086.
num_arena_deaths: 14.
num_vsnodes_births: 2.
num_vsnodes_deaths: 0.
num_space_committed: 888.
num_space_uncommitted: 0.
num_chunks_returned_to_freelist: 20.
num_chunks_taken_from_freelist: 3504.
num_chunk_merges: 7.
num_chunk_splits: 2109.
num_chunks_enlarged: 1147.
num_inconsistent_stats: 0.

CodeHeap 'non-profiled nmethods': size=120000Kb used=5188Kb max_used=5188Kb free=114811Kb
 bounds [0x000001fe2a110000, 0x000001fe2a630000, 0x000001fe31640000]
CodeHeap 'profiled nmethods': size=120000Kb used=19354Kb max_used=19354Kb free=100645Kb
 bounds [0x000001fe22640000, 0x000001fe23930000, 0x000001fe29b70000]
CodeHeap 'non-nmethods': size=5760Kb used=1414Kb max_used=1494Kb free=4345Kb
 bounds [0x000001fe29b70000, 0x000001fe29de0000, 0x000001fe2a110000]
CodeCache: size=245760Kb, used=25956Kb, max_used=26036Kb, free=219801Kb
 total_blobs=9478, nmethods=8761, adapters=623, full_count=0
Compilation: enabled, stopped_count=0, restarted_count=0

Compilation events (20 events):
Event: 24.951 Thread 0x000001fe00687ad0 9381       4       java.util.Arrays::asList (9 bytes)
Event: 24.952 Thread 0x000001fe00687ad0 nmethod 9381 0x000001fe2a61e510 code [0x000001fe2a61e6a0, 0x000001fe2a61e7b0]
Event: 24.952 Thread 0x000001fe00687ad0 9376       4       org.apache.maven.model.interpolation.AbstractStringBasedModelInterpolator$3::getValue (32 bytes)
Event: 24.953 Thread 0x000001fe35ecf5b0 9385       3       org.apache.maven.model.profile.DefaultProfileInjector$ProfileModelMerger::mergePluginContainer_Plugins (363 bytes)
Event: 24.956 Thread 0x000001fe35ecf5b0 nmethod 9385 0x000001fe23907910 code [0x000001fe23907fc0, 0x000001fe2390bc50]
Event: 24.956 Thread 0x000001fe35ecf5b0 9386       3       org.apache.maven.model.interpolation.StringVisitorModelInterpolator$ModelVisitor::visit (89 bytes)
Event: 24.957 Thread 0x000001fe35ecf5b0 nmethod 9386 0x000001fe2390d090 code [0x000001fe2390d2c0, 0x000001fe2390d9e8]
Event: 24.964 Thread 0x000001fe35ecf5b0 9387       3       java.util.Formatter::format (11 bytes)
Event: 24.964 Thread 0x000001fe35ecf5b0 nmethod 9387 0x000001fe2390dd10 code [0x000001fe2390dec0, 0x000001fe2390e010]
Event: 24.964 Thread 0x000001fe35ecf5b0 9388       3       java.util.Formatter::toString (14 bytes)
Event: 24.964 Thread 0x000001fe35ecf5b0 nmethod 9388 0x000001fe2390e090 code [0x000001fe2390e260, 0x000001fe2390e548]
Event: 24.967 Thread 0x000001fe00687ad0 nmethod 9376 0x000001fe2a61e890 code [0x000001fe2a61eac0, 0x000001fe2a61f448]
Event: 24.968 Thread 0x000001fe35ecf5b0 9389       3       org.apache.maven.model.io.xpp3.MavenXpp3Reader::parseBuildBase (598 bytes)
Event: 24.972 Thread 0x000001fe35ecf5b0 nmethod 9389 0x000001fe2390e690 code [0x000001fe2390ee00, 0x000001fe23912920]
Event: 24.972 Thread 0x000001fe35ecf5b0 9390       3       org.eclipse.aether.util.graph.visitor.Stack::push (61 bytes)
Event: 24.973 Thread 0x000001fe35ecf5b0 nmethod 9390 0x000001fe23913e10 code [0x000001fe23913fe0, 0x000001fe23914400]
Event: 24.973 Thread 0x000001fe35ecf5b0 9391       3       org.eclipse.aether.util.graph.visitor.Stack::pop (32 bytes)
Event: 24.973 Thread 0x000001fe35ecf5b0 nmethod 9391 0x000001fe23914590 code [0x000001fe23914740, 0x000001fe23914988]
Event: 24.974 Thread 0x000001fe00687ad0 9392       4       org.eclipse.sisu.wire.EntrySetAdapter$ValueIterator::hasNext (10 bytes)
Event: 24.975 Thread 0x000001fe00687ad0 nmethod 9392 0x000001fe2a61fa90 code [0x000001fe2a61fc20, 0x000001fe2a61fd10]

GC Heap History (20 events):
Event: 19.036 GC heap before
{Heap before GC invocations=25 (full 2):
 PSYoungGen      total 24064K, used 23952K [0x00000000d5580000, 0x00000000d6f00000, 0x0000000100000000)
  eden space 22016K, 100% used [0x00000000d5580000,0x00000000d6b00000,0x00000000d6b00000)
  from space 2048K, 94% used [0x00000000d6d00000,0x00000000d6ee4010,0x00000000d6f00000)
  to   space 2048K, 0% used [0x00000000d6b00000,0x00000000d6b00000,0x00000000d6d00000)
 ParOldGen       total 68608K, used 27565K [0x0000000080000000, 0x0000000084300000, 0x00000000d5580000)
  object space 68608K, 40% used [0x0000000080000000,0x0000000081aeb438,0x0000000084300000)
 Metaspace       used 52812K, committed 54144K, reserved 1114112K
  class space    used 5783K, committed 6400K, reserved 1048576K
}
Event: 19.041 GC heap after
{Heap after GC invocations=25 (full 2):
 PSYoungGen      total 24064K, used 1696K [0x00000000d5580000, 0x00000000d6f00000, 0x0000000100000000)
  eden space 22016K, 0% used [0x00000000d5580000,0x00000000d5580000,0x00000000d6b00000)
  from space 2048K, 82% used [0x00000000d6b00000,0x00000000d6ca8000,0x00000000d6d00000)
  to   space 2048K, 0% used [0x00000000d6d00000,0x00000000d6d00000,0x00000000d6f00000)
 ParOldGen       total 68608K, used 29195K [0x0000000080000000, 0x0000000084300000, 0x00000000d5580000)
  object space 68608K, 42% used [0x0000000080000000,0x0000000081c82c10,0x0000000084300000)
 Metaspace       used 52812K, committed 54144K, reserved 1114112K
  class space    used 5783K, committed 6400K, reserved 1048576K
}
Event: 19.474 GC heap before
{Heap before GC invocations=26 (full 2):
 PSYoungGen      total 24064K, used 23712K [0x00000000d5580000, 0x00000000d6f00000, 0x0000000100000000)
  eden space 22016K, 100% used [0x00000000d5580000,0x00000000d6b00000,0x00000000d6b00000)
  from space 2048K, 82% used [0x00000000d6b00000,0x00000000d6ca8000,0x00000000d6d00000)
  to   space 2048K, 0% used [0x00000000d6d00000,0x00000000d6d00000,0x00000000d6f00000)
 ParOldGen       total 68608K, used 29195K [0x0000000080000000, 0x0000000084300000, 0x00000000d5580000)
  object space 68608K, 42% used [0x0000000080000000,0x0000000081c82c10,0x0000000084300000)
 Metaspace       used 53018K, committed 54336K, reserved 1114112K
  class space    used 5787K, committed 6400K, reserved 1048576K
}
Event: 19.479 GC heap after
{Heap after GC invocations=26 (full 2):
 PSYoungGen      total 22016K, used 2016K [0x00000000d5580000, 0x00000000d7300000, 0x0000000100000000)
  eden space 19968K, 0% used [0x00000000d5580000,0x00000000d5580000,0x00000000d6900000)
  from space 2048K, 98% used [0x00000000d6d00000,0x00000000d6ef8020,0x00000000d6f00000)
  to   space 4096K, 0% used [0x00000000d6900000,0x00000000d6900000,0x00000000d6d00000)
 ParOldGen       total 68608K, used 30732K [0x0000000080000000, 0x0000000084300000, 0x00000000d5580000)
  object space 68608K, 44% used [0x0000000080000000,0x0000000081e030f8,0x0000000084300000)
 Metaspace       used 53018K, committed 54336K, reserved 1114112K
  class space    used 5787K, committed 6400K, reserved 1048576K
}
Event: 19.862 GC heap before
{Heap before GC invocations=27 (full 2):
 PSYoungGen      total 22016K, used 21984K [0x00000000d5580000, 0x00000000d7300000, 0x0000000100000000)
  eden space 19968K, 100% used [0x00000000d5580000,0x00000000d6900000,0x00000000d6900000)
  from space 2048K, 98% used [0x00000000d6d00000,0x00000000d6ef8020,0x00000000d6f00000)
  to   space 4096K, 0% used [0x00000000d6900000,0x00000000d6900000,0x00000000d6d00000)
 ParOldGen       total 68608K, used 30732K [0x0000000080000000, 0x0000000084300000, 0x00000000d5580000)
  object space 68608K, 44% used [0x0000000080000000,0x0000000081e030f8,0x0000000084300000)
 Metaspace       used 53192K, committed 54528K, reserved 1114112K
  class space    used 5791K, committed 6400K, reserved 1048576K
}
Event: 19.868 GC heap after
{Heap after GC invocations=27 (full 2):
 PSYoungGen      total 21504K, used 1344K [0x00000000d5580000, 0x00000000d6e00000, 0x0000000100000000)
  eden space 19968K, 0% used [0x00000000d5580000,0x00000000d5580000,0x00000000d6900000)
  from space 1536K, 87% used [0x00000000d6900000,0x00000000d6a50000,0x00000000d6a80000)
  to   space 2560K, 0% used [0x00000000d6b80000,0x00000000d6b80000,0x00000000d6e00000)
 ParOldGen       total 68608K, used 31786K [0x0000000080000000, 0x0000000084300000, 0x00000000d5580000)
  object space 68608K, 46% used [0x0000000080000000,0x0000000081f0ab90,0x0000000084300000)
 Metaspace       used 53192K, committed 54528K, reserved 1114112K
  class space    used 5791K, committed 6400K, reserved 1048576K
}
Event: 20.780 GC heap before
{Heap before GC invocations=28 (full 2):
 PSYoungGen      total 21504K, used 21312K [0x00000000d5580000, 0x00000000d6e00000, 0x0000000100000000)
  eden space 19968K, 100% used [0x00000000d5580000,0x00000000d6900000,0x00000000d6900000)
  from space 1536K, 87% used [0x00000000d6900000,0x00000000d6a50000,0x00000000d6a80000)
  to   space 2560K, 0% used [0x00000000d6b80000,0x00000000d6b80000,0x00000000d6e00000)
 ParOldGen       total 68608K, used 31786K [0x0000000080000000, 0x0000000084300000, 0x00000000d5580000)
  object space 68608K, 46% used [0x0000000080000000,0x0000000081f0ab90,0x0000000084300000)
 Metaspace       used 53439K, committed 54720K, reserved 1114112K
  class space    used 5808K, committed 6400K, reserved 1048576K
}
Event: 20.786 GC heap after
{Heap after GC invocations=28 (full 2):
 PSYoungGen      total 20480K, used 2560K [0x00000000d5580000, 0x00000000d7200000, 0x0000000100000000)
  eden space 17920K, 0% used [0x00000000d5580000,0x00000000d5580000,0x00000000d6700000)
  from space 2560K, 100% used [0x00000000d6b80000,0x00000000d6e00000,0x00000000d6e00000)
  to   space 4608K, 0% used [0x00000000d6700000,0x00000000d6700000,0x00000000d6b80000)
 ParOldGen       total 68608K, used 33178K [0x0000000080000000, 0x0000000084300000, 0x00000000d5580000)
  object space 68608K, 48% used [0x0000000080000000,0x0000000082066b90,0x0000000084300000)
 Metaspace       used 53439K, committed 54720K, reserved 1114112K
  class space    used 5808K, committed 6400K, reserved 1048576K
}
Event: 21.239 GC heap before
{Heap before GC invocations=29 (full 2):
 PSYoungGen      total 20480K, used 20480K [0x00000000d5580000, 0x00000000d7200000, 0x0000000100000000)
  eden space 17920K, 100% used [0x00000000d5580000,0x00000000d6700000,0x00000000d6700000)
  from space 2560K, 100% used [0x00000000d6b80000,0x00000000d6e00000,0x00000000d6e00000)
  to   space 4608K, 0% used [0x00000000d6700000,0x00000000d6700000,0x00000000d6b80000)
 ParOldGen       total 68608K, used 33178K [0x0000000080000000, 0x0000000084300000, 0x00000000d5580000)
  object space 68608K, 48% used [0x0000000080000000,0x0000000082066b90,0x0000000084300000)
 Metaspace       used 53574K, committed 54848K, reserved 1114112K
  class space    used 5808K, committed 6400K, reserved 1048576K
}
Event: 21.243 GC heap after
{Heap after GC invocations=29 (full 2):
 PSYoungGen      total 19456K, used 1264K [0x00000000d5580000, 0x00000000d6c00000, 0x0000000100000000)
  eden space 17920K, 0% used [0x00000000d5580000,0x00000000d5580000,0x00000000d6700000)
  from space 1536K, 82% used [0x00000000d6700000,0x00000000d683c010,0x00000000d6880000)
  to   space 2560K, 0% used [0x00000000d6980000,0x00000000d6980000,0x00000000d6c00000)
 ParOldGen       total 68608K, used 35664K [0x0000000080000000, 0x0000000084300000, 0x00000000d5580000)
  object space 68608K, 51% used [0x0000000080000000,0x00000000822d4398,0x0000000084300000)
 Metaspace       used 53574K, committed 54848K, reserved 1114112K
  class space    used 5808K, committed 6400K, reserved 1048576K
}
Event: 22.152 GC heap before
{Heap before GC invocations=30 (full 2):
 PSYoungGen      total 19456K, used 19184K [0x00000000d5580000, 0x00000000d6c00000, 0x0000000100000000)
  eden space 17920K, 100% used [0x00000000d5580000,0x00000000d6700000,0x00000000d6700000)
  from space 1536K, 82% used [0x00000000d6700000,0x00000000d683c010,0x00000000d6880000)
  to   space 2560K, 0% used [0x00000000d6980000,0x00000000d6980000,0x00000000d6c00000)
 ParOldGen       total 68608K, used 35664K [0x0000000080000000, 0x0000000084300000, 0x00000000d5580000)
  object space 68608K, 51% used [0x0000000080000000,0x00000000822d4398,0x0000000084300000)
 Metaspace       used 54118K, committed 55424K, reserved 1114112K
  class space    used 5868K, committed 6464K, reserved 1048576K
}
Event: 22.156 GC heap after
{Heap after GC invocations=30 (full 2):
 PSYoungGen      total 19456K, used 1440K [0x00000000d5580000, 0x00000000d6b00000, 0x0000000100000000)
  eden space 17920K, 0% used [0x00000000d5580000,0x00000000d5580000,0x00000000d6700000)
  from space 1536K, 93% used [0x00000000d6980000,0x00000000d6ae8000,0x00000000d6b00000)
  to   space 2048K, 0% used [0x00000000d6700000,0x00000000d6700000,0x00000000d6900000)
 ParOldGen       total 68608K, used 36654K [0x0000000080000000, 0x0000000084300000, 0x00000000d5580000)
  object space 68608K, 53% used [0x0000000080000000,0x00000000823cbb60,0x0000000084300000)
 Metaspace       used 54118K, committed 55424K, reserved 1114112K
  class space    used 5868K, committed 6464K, reserved 1048576K
}
Event: 22.847 GC heap before
{Heap before GC invocations=31 (full 2):
 PSYoungGen      total 19456K, used 19360K [0x00000000d5580000, 0x00000000d6b00000, 0x0000000100000000)
  eden space 17920K, 100% used [0x00000000d5580000,0x00000000d6700000,0x00000000d6700000)
  from space 1536K, 93% used [0x00000000d6980000,0x00000000d6ae8000,0x00000000d6b00000)
  to   space 2048K, 0% used [0x00000000d6700000,0x00000000d6700000,0x00000000d6900000)
 ParOldGen       total 68608K, used 36654K [0x0000000080000000, 0x0000000084300000, 0x00000000d5580000)
  object space 68608K, 53% used [0x0000000080000000,0x00000000823cbb60,0x0000000084300000)
 Metaspace       used 54595K, committed 55936K, reserved 1114112K
  class space    used 5924K, committed 6528K, reserved 1048576K
}
Event: 22.849 GC heap after
{Heap after GC invocations=31 (full 2):
 PSYoungGen      total 19456K, used 1184K [0x00000000d5580000, 0x00000000d6a00000, 0x0000000100000000)
  eden space 17920K, 0% used [0x00000000d5580000,0x00000000d5580000,0x00000000d6700000)
  from space 1536K, 77% used [0x00000000d6700000,0x00000000d6828000,0x00000000d6880000)
  to   space 1536K, 0% used [0x00000000d6880000,0x00000000d6880000,0x00000000d6a00000)
 ParOldGen       total 68608K, used 37838K [0x0000000080000000, 0x0000000084300000, 0x00000000d5580000)
  object space 68608K, 55% used [0x0000000080000000,0x00000000824f3b80,0x0000000084300000)
 Metaspace       used 54595K, committed 55936K, reserved 1114112K
  class space    used 5924K, committed 6528K, reserved 1048576K
}
Event: 23.098 GC heap before
{Heap before GC invocations=32 (full 2):
 PSYoungGen      total 19456K, used 19104K [0x00000000d5580000, 0x00000000d6a00000, 0x0000000100000000)
  eden space 17920K, 100% used [0x00000000d5580000,0x00000000d6700000,0x00000000d6700000)
  from space 1536K, 77% used [0x00000000d6700000,0x00000000d6828000,0x00000000d6880000)
  to   space 1536K, 0% used [0x00000000d6880000,0x00000000d6880000,0x00000000d6a00000)
 ParOldGen       total 68608K, used 37838K [0x0000000080000000, 0x0000000084300000, 0x00000000d5580000)
  object space 68608K, 55% used [0x0000000080000000,0x00000000824f3b80,0x0000000084300000)
 Metaspace       used 54874K, committed 56192K, reserved 1114112K
  class space    used 5957K, committed 6528K, reserved 1048576K
}
Event: 23.104 GC heap after
{Heap after GC invocations=32 (full 2):
 PSYoungGen      total 17408K, used 1536K [0x00000000d5580000, 0x00000000d6e00000, 0x0000000100000000)
  eden space 15872K, 0% used [0x00000000d5580000,0x00000000d5580000,0x00000000d6500000)
  from space 1536K, 100% used [0x00000000d6880000,0x00000000d6a00000,0x00000000d6a00000)
  to   space 3584K, 0% used [0x00000000d6500000,0x00000000d6500000,0x00000000d6880000)
 ParOldGen       total 68608K, used 39390K [0x0000000080000000, 0x0000000084300000, 0x00000000d5580000)
  object space 68608K, 57% used [0x0000000080000000,0x00000000826778c0,0x0000000084300000)
 Metaspace       used 54874K, committed 56192K, reserved 1114112K
  class space    used 5957K, committed 6528K, reserved 1048576K
}
Event: 23.280 GC heap before
{Heap before GC invocations=33 (full 2):
 PSYoungGen      total 17408K, used 17408K [0x00000000d5580000, 0x00000000d6e00000, 0x0000000100000000)
  eden space 15872K, 100% used [0x00000000d5580000,0x00000000d6500000,0x00000000d6500000)
  from space 1536K, 100% used [0x00000000d6880000,0x00000000d6a00000,0x00000000d6a00000)
  to   space 3584K, 0% used [0x00000000d6500000,0x00000000d6500000,0x00000000d6880000)
 ParOldGen       total 68608K, used 39390K [0x0000000080000000, 0x0000000084300000, 0x00000000d5580000)
  object space 68608K, 57% used [0x0000000080000000,0x00000000826778c0,0x0000000084300000)
 Metaspace       used 54900K, committed 56192K, reserved 1114112K
  class space    used 5957K, committed 6528K, reserved 1048576K
}
Event: 23.285 GC heap after
{Heap after GC invocations=33 (full 2):
 PSYoungGen      total 17920K, used 1568K [0x00000000d5580000, 0x00000000d6a00000, 0x0000000100000000)
  eden space 15872K, 0% used [0x00000000d5580000,0x00000000d5580000,0x00000000d6500000)
  from space 2048K, 76% used [0x00000000d6500000,0x00000000d6688000,0x00000000d6700000)
  to   space 2560K, 0% used [0x00000000d6780000,0x00000000d6780000,0x00000000d6a00000)
 ParOldGen       total 68608K, used 40758K [0x0000000080000000, 0x0000000084300000, 0x00000000d5580000)
  object space 68608K, 59% used [0x0000000080000000,0x00000000827cd8f0,0x0000000084300000)
 Metaspace       used 54900K, committed 56192K, reserved 1114112K
  class space    used 5957K, committed 6528K, reserved 1048576K
}
Event: 24.771 GC heap before
{Heap before GC invocations=34 (full 2):
 PSYoungGen      total 17920K, used 17404K [0x00000000d5580000, 0x00000000d6a00000, 0x0000000100000000)
  eden space 15872K, 99% used [0x00000000d5580000,0x00000000d64f7220,0x00000000d6500000)
  from space 2048K, 76% used [0x00000000d6500000,0x00000000d6688000,0x00000000d6700000)
  to   space 2560K, 0% used [0x00000000d6780000,0x00000000d6780000,0x00000000d6a00000)
 ParOldGen       total 68608K, used 40758K [0x0000000080000000, 0x0000000084300000, 0x00000000d5580000)
  object space 68608K, 59% used [0x0000000080000000,0x00000000827cd8f0,0x0000000084300000)
 Metaspace       used 55163K, committed 56576K, reserved 1114112K
  class space    used 5984K, committed 6592K, reserved 1048576K
}
Event: 24.773 GC heap after
{Heap after GC invocations=34 (full 2):
 PSYoungGen      total 17408K, used 1084K [0x00000000d5580000, 0x00000000d6900000, 0x0000000100000000)
  eden space 15872K, 0% used [0x00000000d5580000,0x00000000d5580000,0x00000000d6500000)
  from space 1536K, 70% used [0x00000000d6780000,0x00000000d688f240,0x00000000d6900000)
  to   space 1536K, 0% used [0x00000000d6600000,0x00000000d6600000,0x00000000d6780000)
 ParOldGen       total 68608K, used 41876K [0x0000000080000000, 0x0000000084300000, 0x00000000d5580000)
  object space 68608K, 61% used [0x0000000080000000,0x00000000828e5388,0x0000000084300000)
 Metaspace       used 55163K, committed 56576K, reserved 1114112K
  class space    used 5984K, committed 6592K, reserved 1048576K
}

Dll operation events (13 events):
Event: 0.038 Loaded shared library c:\Users\ElSaeedA5\.vscode\extensions\redhat.java-1.53.0-win32-x64\jre\21.0.10-win32-x86_64\bin\java.dll
Event: 0.151 Loaded shared library c:\Users\ElSaeedA5\.vscode\extensions\redhat.java-1.53.0-win32-x64\jre\21.0.10-win32-x86_64\bin\zip.dll
Event: 0.188 Loaded shared library C:\Users\ElSaeedA5\.vscode\extensions\redhat.java-1.53.0-win32-x64\jre\21.0.10-win32-x86_64\bin\instrument.dll
Event: 0.214 Loaded shared library C:\Users\ElSaeedA5\.vscode\extensions\redhat.java-1.53.0-win32-x64\jre\21.0.10-win32-x86_64\bin\net.dll
Event: 0.220 Loaded shared library C:\Users\ElSaeedA5\.vscode\extensions\redhat.java-1.53.0-win32-x64\jre\21.0.10-win32-x86_64\bin\nio.dll
Event: 0.225 Loaded shared library C:\Users\ElSaeedA5\.vscode\extensions\redhat.java-1.53.0-win32-x64\jre\21.0.10-win32-x86_64\bin\zip.dll
Event: 0.262 Loaded shared library C:\Users\ElSaeedA5\.vscode\extensions\redhat.java-1.53.0-win32-x64\jre\21.0.10-win32-x86_64\bin\jimage.dll
Event: 0.454 Loaded shared library c:\Users\ElSaeedA5\.vscode\extensions\redhat.java-1.53.0-win32-x64\jre\21.0.10-win32-x86_64\bin\verify.dll
Event: 3.188 Loaded shared library C:\Users\ElSaeedA5\AppData\Roaming\Code\User\globalStorage\redhat.java\1.53.0\config_win\org.eclipse.equinox.launcher\org.eclipse.equinox.launcher.win32.win32.x86_64_1.3.0.v20260203-2149\eclipse_11919.dll
Event: 6.185 Loaded shared library C:\Users\ElSaeedA5\AppData\Local\Temp\jna--1688546685\jna11006265595495847412.dll
Event: 13.421 Loaded shared library C:\Users\ElSaeedA5\.vscode\extensions\redhat.java-1.53.0-win32-x64\jre\21.0.10-win32-x86_64\bin\sunmscapi.dll
Event: 14.641 Loaded shared library C:\Users\ElSaeedA5\.vscode\extensions\redhat.java-1.53.0-win32-x64\jre\21.0.10-win32-x86_64\bin\extnet.dll
Event: 14.974 Loaded shared library C:\Users\ElSaeedA5\.vscode\extensions\redhat.java-1.53.0-win32-x64\jre\21.0.10-win32-x86_64\bin\w2k_lsa_auth.dll

Deoptimization events (20 events):
Event: 23.564 Thread 0x000001fe7f399bf0 DEOPT PACKING pc=0x000001fe23847645 sp=0x0000007a067fe1c0
Event: 23.564 Thread 0x000001fe7f399bf0 DEOPT UNPACKING pc=0x000001fe29bc4242 sp=0x0000007a067fd7d8 mode 0
Event: 23.750 Thread 0x000001fe7d660500 DEOPT PACKING pc=0x000001fe23806046 sp=0x0000007a051fcde0
Event: 23.750 Thread 0x000001fe7d660500 DEOPT UNPACKING pc=0x000001fe29bc4242 sp=0x0000007a051fc360 mode 0
Event: 23.875 Thread 0x000001fe7d660500 Uncommon trap: trap_request=0xffffffc6 fr.pc=0x000001fe2a5dbd40 relative=0x0000000000000e00
Event: 23.875 Thread 0x000001fe7d660500 Uncommon trap: reason=bimorphic_or_optimized_type_check action=maybe_recompile pc=0x000001fe2a5dbd40 method=java.util.stream.ReferencePipeline.collect(Ljava/util/stream/Collector;)Ljava/lang/Object; @ 118 c2
Event: 23.875 Thread 0x000001fe7d660500 DEOPT PACKING pc=0x000001fe2a5dbd40 sp=0x0000007a051fe140
Event: 23.876 Thread 0x000001fe7d660500 DEOPT UNPACKING pc=0x000001fe29bc3aa2 sp=0x0000007a051fe0f8 mode 2
Event: 24.800 Thread 0x000001fe7d660500 Uncommon trap: trap_request=0xffffffd6 fr.pc=0x000001fe2a5c603c relative=0x000000000000019c
Event: 24.800 Thread 0x000001fe7d660500 Uncommon trap: reason=array_check action=maybe_recompile pc=0x000001fe2a5c603c method=java.util.LinkedHashMap.valuesToArray([Ljava/lang/Object;Z)[Ljava/lang/Object; @ 67 c2
Event: 24.800 Thread 0x000001fe7d660500 DEOPT PACKING pc=0x000001fe2a5c603c sp=0x0000007a051fe240
Event: 24.800 Thread 0x000001fe7d660500 DEOPT UNPACKING pc=0x000001fe29bc3aa2 sp=0x0000007a051fe1b0 mode 2
Event: 24.899 Thread 0x000001fe7d660500 Uncommon trap: trap_request=0xffffffd6 fr.pc=0x000001fe2a5c603c relative=0x000000000000019c
Event: 24.899 Thread 0x000001fe7d660500 Uncommon trap: reason=array_check action=maybe_recompile pc=0x000001fe2a5c603c method=java.util.LinkedHashMap.valuesToArray([Ljava/lang/Object;Z)[Ljava/lang/Object; @ 67 c2
Event: 24.899 Thread 0x000001fe7d660500 DEOPT PACKING pc=0x000001fe2a5c603c sp=0x0000007a051fd120
Event: 24.899 Thread 0x000001fe7d660500 DEOPT UNPACKING pc=0x000001fe29bc3aa2 sp=0x0000007a051fd090 mode 2
Event: 24.963 Thread 0x000001fe7f393980 Uncommon trap: trap_request=0xffffff45 fr.pc=0x000001fe2a5002b4 relative=0x00000000000001f4
Event: 24.963 Thread 0x000001fe7f393980 Uncommon trap: reason=unstable_if action=reinterpret pc=0x000001fe2a5002b4 method=org.codehaus.plexus.util.xml.pull.MXParser.printable(I)Ljava/lang/String; @ 23 c2
Event: 24.963 Thread 0x000001fe7f393980 DEOPT PACKING pc=0x000001fe2a5002b4 sp=0x0000007a067fde40
Event: 24.963 Thread 0x000001fe7f393980 DEOPT UNPACKING pc=0x000001fe29bc3aa2 sp=0x0000007a067fddd0 mode 2

Classes loaded (20 events):
Event: 21.910 Loading class sun/util/resources/TimeZoneNames_en
Event: 21.910 Loading class sun/util/resources/TimeZoneNames_en done
Event: 22.400 Loading class sun/nio/cs/ISO_8859_1$Decoder
Event: 22.401 Loading class sun/nio/cs/ISO_8859_1$Decoder done
Event: 22.644 Loading class java/lang/StackStreamFactory$CallerClassFinder
Event: 22.644 Loading class java/lang/StackStreamFactory$CallerClassFinder done
Event: 22.644 Loading class java/lang/StackStreamFactory$CallerClassFinder$ClassBuffer
Event: 22.644 Loading class java/lang/StackStreamFactory$CallerClassFinder$ClassBuffer done
Event: 24.148 Loading class java/lang/invoke/MethodHandleImpl$CountingWrapper$1
Event: 24.148 Loading class java/lang/invoke/MethodHandleImpl$CountingWrapper$1 done
Event: 24.776 Loading class org/w3c/dom/DOMException
Event: 24.776 Loading class org/w3c/dom/DOMException done
Event: 24.838 Loading class java/io/ObjectOutputStream$BlockDataOutputStream
Event: 24.838 Loading class java/io/ObjectOutputStream$BlockDataOutputStream done
Event: 24.838 Loading class java/io/ObjectOutputStream$HandleTable
Event: 24.838 Loading class java/io/ObjectOutputStream$HandleTable done
Event: 24.839 Loading class java/io/ObjectOutputStream$ReplaceTable
Event: 24.839 Loading class java/io/ObjectOutputStream$ReplaceTable done
Event: 24.845 Loading class java/nio/charset/CharacterCodingException
Event: 24.845 Loading class java/nio/charset/CharacterCodingException done

Classes unloaded (7 events):
Event: 7.297 Thread 0x000001fe1f4e2690 Unloading class 0x000001fe371ac800 'java/lang/invoke/LambdaForm$MH+0x000001fe371ac800'
Event: 7.297 Thread 0x000001fe1f4e2690 Unloading class 0x000001fe371ac400 'java/lang/invoke/LambdaForm$MH+0x000001fe371ac400'
Event: 7.297 Thread 0x000001fe1f4e2690 Unloading class 0x000001fe371ac000 'java/lang/invoke/LambdaForm$MH+0x000001fe371ac000'
Event: 7.297 Thread 0x000001fe1f4e2690 Unloading class 0x000001fe371abc00 'java/lang/invoke/LambdaForm$MH+0x000001fe371abc00'
Event: 7.297 Thread 0x000001fe1f4e2690 Unloading class 0x000001fe371ab800 'java/lang/invoke/LambdaForm$BMH+0x000001fe371ab800'
Event: 7.297 Thread 0x000001fe1f4e2690 Unloading class 0x000001fe371ab400 'java/lang/invoke/LambdaForm$DMH+0x000001fe371ab400'
Event: 7.297 Thread 0x000001fe1f4e2690 Unloading class 0x000001fe371aa000 'java/lang/invoke/LambdaForm$DMH+0x000001fe371aa000'

Classes redefined (0 events):
No events

Internal exceptions (20 events):
Event: 22.903 Thread 0x000001fe7d660500 Exception <a 'sun/nio/fs/WindowsException'{0x00000000d566b9d8}> (0x00000000d566b9d8) 
thrown [s\src\hotspot\share\prims\jni.cpp, line 520]
Event: 22.904 Thread 0x000001fe7d660500 Exception <a 'sun/nio/fs/WindowsException'{0x00000000d566d5b0}> (0x00000000d566d5b0) 
thrown [s\src\hotspot\share\prims\jni.cpp, line 520]
Event: 22.904 Thread 0x000001fe7d660500 Exception <a 'sun/nio/fs/WindowsException'{0x00000000d566e150}> (0x00000000d566e150) 
thrown [s\src\hotspot\share\prims\jni.cpp, line 520]
Event: 22.908 Thread 0x000001fe7d660500 Exception <a 'sun/nio/fs/WindowsException'{0x00000000d566f570}> (0x00000000d566f570) 
thrown [s\src\hotspot\share\prims\jni.cpp, line 520]
Event: 22.908 Thread 0x000001fe7d660500 Exception <a 'sun/nio/fs/WindowsException'{0x00000000d566fff8}> (0x00000000d566fff8) 
thrown [s\src\hotspot\share\prims\jni.cpp, line 520]
Event: 22.908 Thread 0x000001fe7d660500 Exception <a 'sun/nio/fs/WindowsException'{0x00000000d5670cc0}> (0x00000000d5670cc0) 
thrown [s\src\hotspot\share\prims\jni.cpp, line 520]
Event: 22.908 Thread 0x000001fe7d660500 Exception <a 'sun/nio/fs/WindowsException'{0x00000000d5671748}> (0x00000000d5671748) 
thrown [s\src\hotspot\share\prims\jni.cpp, line 520]
Event: 22.908 Thread 0x000001fe7d660500 Exception <a 'sun/nio/fs/WindowsException'{0x00000000d5672470}> (0x00000000d5672470) 
thrown [s\src\hotspot\share\prims\jni.cpp, line 520]
Event: 22.909 Thread 0x000001fe7d660500 Exception <a 'sun/nio/fs/WindowsException'{0x00000000d56797c0}> (0x00000000d56797c0) 
thrown [s\src\hotspot\share\prims\jni.cpp, line 520]
Event: 22.909 Thread 0x000001fe7d660500 Exception <a 'sun/nio/fs/WindowsException'{0x00000000d567adc8}> (0x00000000d567adc8) 
thrown [s\src\hotspot\share\prims\jni.cpp, line 520]
Event: 22.909 Thread 0x000001fe7d660500 Exception <a 'sun/nio/fs/WindowsException'{0x00000000d567b850}> (0x00000000d567b850) 
thrown [s\src\hotspot\share\prims\jni.cpp, line 520]
Event: 22.911 Thread 0x000001fe7d660500 Exception <a 'java/lang/NoSuchMethodError'{0x00000000d5690fb0}: 'void java.lang.invoke.DirectMethodHandle$Holder.invokeVirtual(java.lang.Object, java.lang.Object, java.lang.Object, java.lang.Object)'> (0x00000000d5690fb0) 
thrown [s\src\hotspot\share\interpreter\linkResolver.cpp, line 773]
Event: 22.920 Thread 0x000001fe7d664010 Exception <a 'java/lang/NoSuchMethodError'{0x00000000d574ad30}: 'int java.lang.invoke.DirectMethodHandle$Holder.invokeSpecialIFC(java.lang.Object, java.lang.Object, java.lang.Object, java.lang.Object)'> (0x00000000d574ad30) 
thrown [s\src\hotspot\share\interpreter\linkResolver.cpp, line 773]
Event: 23.874 Thread 0x000001fe7d660500 Exception <a 'java/lang/NoSuchMethodError'{0x00000000d623fb40}: 'long java.lang.invoke.DirectMethodHandle$Holder.invokeStatic(java.lang.Object, java.lang.Object)'> (0x00000000d623fb40) 
thrown [s\src\hotspot\share\interpreter\linkResolver.cpp, line 773]
Event: 24.442 Thread 0x000001fe7d6632f0 Exception <a 'java/io/FileNotFoundException'{0x00000000d63db410}> (0x00000000d63db410) 
thrown [s\src\hotspot\share\prims\jni.cpp, line 520]
Event: 24.443 Thread 0x000001fe7d6632f0 Exception <a 'java/io/FileNotFoundException'{0x00000000d63dc430}> (0x00000000d63dc430) 
thrown [s\src\hotspot\share\prims\jni.cpp, line 520]
Event: 24.443 Thread 0x000001fe7d6632f0 Exception <a 'java/io/FileNotFoundException'{0x00000000d63dd1a8}> (0x00000000d63dd1a8) 
thrown [s\src\hotspot\share\prims\jni.cpp, line 520]
Event: 24.841 Thread 0x000001fe7d660500 Exception <a 'java/lang/NoSuchMethodError'{0x00000000d55f9780}: static [Lorg/eclipse/jdt/core/IClasspathEntry;.<clinit>()V> (0x00000000d55f9780) 
thrown [s\src\hotspot\share\prims\jni.cpp, line 1111]
Event: 24.843 Thread 0x000001fe7d660500 Exception <a 'java/lang/NoSuchMethodError'{0x00000000d560f1f0}: static [Lorg/eclipse/jdt/core/IAccessRule;.<clinit>()V> (0x00000000d560f1f0) 
thrown [s\src\hotspot\share\prims\jni.cpp, line 1111]
Event: 24.843 Thread 0x000001fe7d660500 Exception <a 'java/lang/NoSuchMethodError'{0x00000000d5610048}: static [Lorg/eclipse/jdt/core/IClasspathAttribute;.<clinit>()V> (0x00000000d5610048) 
thrown [s\src\hotspot\share\prims\jni.cpp, line 1111]

ZGC Phase Switch (0 events):
No events

VM Operations (20 events):
Event: 20.779 Executing safepoint VM operation: ParallelGCFailedAllocation (Allocation Failure)
Event: 20.786 Executing safepoint VM operation: ParallelGCFailedAllocation (Allocation Failure) done
Event: 21.239 Executing safepoint VM operation: ParallelGCFailedAllocation (Allocation Failure)
Event: 21.243 Executing safepoint VM operation: ParallelGCFailedAllocation (Allocation Failure) done
Event: 21.770 Executing non-safepoint VM operation: HandshakeAllThreads (Deoptimize)
Event: 21.770 Executing non-safepoint VM operation: HandshakeAllThreads (Deoptimize) done
Event: 22.152 Executing safepoint VM operation: ParallelGCFailedAllocation (Allocation Failure)
Event: 22.156 Executing safepoint VM operation: ParallelGCFailedAllocation (Allocation Failure) done
Event: 22.642 Executing non-safepoint VM operation: HandshakeAllThreads (Deoptimize)
Event: 22.643 Executing non-safepoint VM operation: HandshakeAllThreads (Deoptimize) done
Event: 22.847 Executing safepoint VM operation: ParallelGCFailedAllocation (Allocation Failure)
Event: 22.849 Executing safepoint VM operation: ParallelGCFailedAllocation (Allocation Failure) done
Event: 23.098 Executing safepoint VM operation: ParallelGCFailedAllocation (Allocation Failure)
Event: 23.104 Executing safepoint VM operation: ParallelGCFailedAllocation (Allocation Failure) done
Event: 23.280 Executing safepoint VM operation: ParallelGCFailedAllocation (Allocation Failure)
Event: 23.285 Executing safepoint VM operation: ParallelGCFailedAllocation (Allocation Failure) done
Event: 24.286 Executing safepoint VM operation: Cleanup
Event: 24.286 Executing safepoint VM operation: Cleanup done
Event: 24.771 Executing safepoint VM operation: ParallelGCFailedAllocation (Allocation Failure)
Event: 24.773 Executing safepoint VM operation: ParallelGCFailedAllocation (Allocation Failure) done

Memory protections (0 events):
No events

Nmethod flushes (20 events):
Event: 11.481 Thread 0x000001fe1f4e2690 flushing  nmethod 0x000001fe22d1ec90
Event: 11.481 Thread 0x000001fe1f4e2690 flushing  nmethod 0x000001fe22d52510
Event: 11.481 Thread 0x000001fe1f4e2690 flushing  nmethod 0x000001fe22d52910
Event: 11.481 Thread 0x000001fe1f4e2690 flushing  nmethod 0x000001fe22d53210
Event: 11.481 Thread 0x000001fe1f4e2690 flushing  nmethod 0x000001fe22d54410
Event: 11.481 Thread 0x000001fe1f4e2690 flushing  nmethod 0x000001fe22d54c10
Event: 11.481 Thread 0x000001fe1f4e2690 flushing  nmethod 0x000001fe22d56910
Event: 11.481 Thread 0x000001fe1f4e2690 flushing  nmethod 0x000001fe22d56e10
Event: 11.481 Thread 0x000001fe1f4e2690 flushing  nmethod 0x000001fe22d57310
Event: 11.481 Thread 0x000001fe1f4e2690 flushing  nmethod 0x000001fe22d57710
Event: 11.481 Thread 0x000001fe1f4e2690 flushing  nmethod 0x000001fe22d58b10
Event: 11.481 Thread 0x000001fe1f4e2690 flushing  nmethod 0x000001fe22d5a590
Event: 11.481 Thread 0x000001fe1f4e2690 flushing  nmethod 0x000001fe22d5b310
Event: 11.481 Thread 0x000001fe1f4e2690 flushing  nmethod 0x000001fe22da9b10
Event: 11.481 Thread 0x000001fe1f4e2690 flushing  nmethod 0x000001fe22dac010
Event: 11.481 Thread 0x000001fe1f4e2690 flushing  nmethod 0x000001fe22dad210
Event: 11.481 Thread 0x000001fe1f4e2690 flushing  nmethod 0x000001fe22dfc990
Event: 11.481 Thread 0x000001fe1f4e2690 flushing  nmethod 0x000001fe22dff890
Event: 11.481 Thread 0x000001fe1f4e2690 flushing  nmethod 0x000001fe22e1a490
Event: 11.481 Thread 0x000001fe1f4e2690 flushing  nmethod 0x000001fe22e43a10

Events (20 events):
Event: 22.960 Thread 0x000001fe7d660500 Thread added: 0x000001fe7f39a910
Event: 22.960 Thread 0x000001fe7d660500 Thread added: 0x000001fe7f3960e0
Event: 22.961 Thread 0x000001fe7d660500 Thread added: 0x000001fe7f39afa0
Event: 23.571 Thread 0x000001fe7f3960e0 Thread exited: 0x000001fe7f3960e0
Event: 23.572 Thread 0x000001fe7f393980 Thread exited: 0x000001fe7f393980
Event: 23.572 Thread 0x000001fe7f39afa0 Thread exited: 0x000001fe7f39afa0
Event: 23.614 Thread 0x000001fe7f39a910 Thread exited: 0x000001fe7f39a910
Event: 23.615 Thread 0x000001fe7f399bf0 Thread exited: 0x000001fe7f399bf0
Event: 24.190 Thread 0x000001fe00687ad0 Thread exited: 0x000001fe00687ad0
Event: 24.922 Thread 0x000001fe7d660500 Thread added: 0x000001fe7f3946a0
Event: 24.922 Thread 0x000001fe7d660500 Thread added: 0x000001fe7f397b20
Event: 24.922 Thread 0x000001fe7d660500 Thread added: 0x000001fe7f393980
Event: 24.923 Thread 0x000001fe7d660500 Thread added: 0x000001fe7f399bf0
Event: 24.923 Thread 0x000001fe7d660500 Thread added: 0x000001fe7f394d30
Event: 24.944 Thread 0x000001fe35ecf5b0 Thread added: 0x000001fe00687ad0
Event: 24.971 Thread 0x000001fe7f399bf0 Thread exited: 0x000001fe7f399bf0
Event: 24.971 Thread 0x000001fe7f3946a0 Thread exited: 0x000001fe7f3946a0
Event: 24.971 Thread 0x000001fe7f393980 Thread exited: 0x000001fe7f393980
Event: 24.971 Thread 0x000001fe7f394d30 Thread exited: 0x000001fe7f394d30
Event: 24.971 Thread 0x000001fe7f397b20 Thread exited: 0x000001fe7f397b20


Dynamic libraries:
0x00007ff73cb70000 - 0x00007ff73cb7e000 	c:\Users\ElSaeedA5\.vscode\extensions\redhat.java-1.53.0-win32-x64\jre\21.0.10-win32-x86_64\bin\java.exe
0x00007ffbd7e30000 - 0x00007ffbd8048000 	C:\windows\SYSTEM32\ntdll.dll
0x00007ffbd5db0000 - 0x00007ffbd5e74000 	C:\windows\System32\KERNEL32.DLL
0x00007ffbd5470000 - 0x00007ffbd5837000 	C:\windows\System32\KERNELBASE.dll
0x00007ffbd5350000 - 0x00007ffbd5461000 	C:\windows\System32\ucrtbase.dll
0x00007ffbce900000 - 0x00007ffbce918000 	c:\Users\ElSaeedA5\.vscode\extensions\redhat.java-1.53.0-win32-x64\jre\21.0.10-win32-x86_64\bin\jli.dll
0x00007ffbd6bb0000 - 0x00007ffbd6d62000 	C:\windows\System32\USER32.dll
0x00007ffbce8e0000 - 0x00007ffbce8fe000 	c:\Users\ElSaeedA5\.vscode\extensions\redhat.java-1.53.0-win32-x64\jre\21.0.10-win32-x86_64\bin\VCRUNTIME140.dll
0x00007ffbd5980000 - 0x00007ffbd59a6000 	C:\windows\System32\win32u.dll
0x00007ffbb8660000 - 0x00007ffbb88fc000 	C:\windows\WinSxS\amd64_microsoft.windows.common-controls_6595b64144ccf1df_6.0.22621.6060_none_2712eda17382d24b\COMCTL32.dll
0x00007ffbd5e80000 - 0x00007ffbd5ea9000 	C:\windows\System32\GDI32.dll
0x00007ffbd6670000 - 0x00007ffbd6717000 	C:\windows\System32\msvcrt.dll
0x00007ffbd59b0000 - 0x00007ffbd5acb000 	C:\windows\System32\gdi32full.dll
0x00007ffbd52b0000 - 0x00007ffbd534a000 	C:\windows\System32\msvcp_win.dll
0x00007ffbd61b0000 - 0x00007ffbd61e1000 	C:\windows\System32\IMM32.DLL
0x00007ffbce8d0000 - 0x00007ffbce8dc000 	c:\Users\ElSaeedA5\.vscode\extensions\redhat.java-1.53.0-win32-x64\jre\21.0.10-win32-x86_64\bin\vcruntime140_1.dll
0x00007ffbce840000 - 0x00007ffbce8cd000 	c:\Users\ElSaeedA5\.vscode\extensions\redhat.java-1.53.0-win32-x64\jre\21.0.10-win32-x86_64\bin\msvcp140.dll
0x00007ffb6d380000 - 0x00007ffb6e121000 	c:\Users\ElSaeedA5\.vscode\extensions\redhat.java-1.53.0-win32-x64\jre\21.0.10-win32-x86_64\bin\server\jvm.dll
0x00007ffbd6090000 - 0x00007ffbd6141000 	C:\windows\System32\ADVAPI32.dll
0x00007ffbd6e40000 - 0x00007ffbd6ee8000 	C:\windows\System32\sechost.dll
0x00007ffbd4f50000 - 0x00007ffbd4f78000 	C:\windows\System32\bcrypt.dll
0x00007ffbd6a60000 - 0x00007ffbd6b78000 	C:\windows\System32\RPCRT4.dll
0x00007ffbd5ca0000 - 0x00007ffbd5d11000 	C:\windows\System32\WS2_32.dll
0x00007ffbd3ca0000 - 0x00007ffbd3ced000 	C:\windows\SYSTEM32\POWRPROF.dll
0x00007ffbcc480000 - 0x00007ffbcc4b4000 	C:\windows\SYSTEM32\WINMM.dll
0x00007ffbd13b0000 - 0x00007ffbd13ba000 	C:\windows\SYSTEM32\VERSION.dll
0x00007ffbd3c60000 - 0x00007ffbd3c73000 	C:\windows\SYSTEM32\UMPDC.dll
0x00007ffbd3f00000 - 0x00007ffbd3f18000 	C:\windows\SYSTEM32\kernel.appcore.dll
0x00007ffbce830000 - 0x00007ffbce83a000 	c:\Users\ElSaeedA5\.vscode\extensions\redhat.java-1.53.0-win32-x64\jre\21.0.10-win32-x86_64\bin\jimage.dll
0x00007ffbd25c0000 - 0x00007ffbd27f3000 	C:\windows\SYSTEM32\DBGHELP.DLL
0x00007ffbd7790000 - 0x00007ffbd7b21000 	C:\windows\System32\combase.dll
0x00007ffbd7d00000 - 0x00007ffbd7dd8000 	C:\windows\System32\OLEAUT32.dll
0x00007ffbbd8a0000 - 0x00007ffbbd8d2000 	C:\windows\SYSTEM32\dbgcore.DLL
0x00007ffbd5840000 - 0x00007ffbd58bb000 	C:\windows\System32\bcryptPrimitives.dll
0x00007ffbce820000 - 0x00007ffbce82f000 	c:\Users\ElSaeedA5\.vscode\extensions\redhat.java-1.53.0-win32-x64\jre\21.0.10-win32-x86_64\bin\instrument.dll
0x00007ffbce800000 - 0x00007ffbce820000 	c:\Users\ElSaeedA5\.vscode\extensions\redhat.java-1.53.0-win32-x64\jre\21.0.10-win32-x86_64\bin\java.dll
0x00007ffbd6ef0000 - 0x00007ffbd778c000 	C:\windows\System32\SHELL32.dll
0x00007ffbd5000000 - 0x00007ffbd513f000 	C:\windows\System32\wintypes.dll
0x00007ffbd2c60000 - 0x00007ffbd357a000 	C:\windows\SYSTEM32\windows.storage.dll
0x00007ffbd5eb0000 - 0x00007ffbd5fb4000 	C:\windows\System32\SHCORE.dll
0x00007ffbd5ad0000 - 0x00007ffbd5b39000 	C:\windows\System32\shlwapi.dll
0x00007ffbd4e80000 - 0x00007ffbd4ea5000 	C:\windows\SYSTEM32\profapi.dll
0x00007ffbce7e0000 - 0x00007ffbce7f8000 	c:\Users\ElSaeedA5\.vscode\extensions\redhat.java-1.53.0-win32-x64\jre\21.0.10-win32-x86_64\bin\zip.dll
0x00007ffbce7d0000 - 0x00007ffbce7e0000 	C:\Users\ElSaeedA5\.vscode\extensions\redhat.java-1.53.0-win32-x64\jre\21.0.10-win32-x86_64\bin\net.dll
0x00007ffbd3f20000 - 0x00007ffbd404c000 	C:\windows\SYSTEM32\WINHTTP.dll
0x00007ffbd44f0000 - 0x00007ffbd4559000 	C:\windows\system32\mswsock.dll
0x00007ffbce7b0000 - 0x00007ffbce7c6000 	C:\Users\ElSaeedA5\.vscode\extensions\redhat.java-1.53.0-win32-x64\jre\21.0.10-win32-x86_64\bin\nio.dll
0x00007ffbce7a0000 - 0x00007ffbce7b0000 	c:\Users\ElSaeedA5\.vscode\extensions\redhat.java-1.53.0-win32-x64\jre\21.0.10-win32-x86_64\bin\verify.dll
0x00007ffba9610000 - 0x00007ffba9655000 	C:\Users\ElSaeedA5\AppData\Roaming\Code\User\globalStorage\redhat.java\1.53.0\config_win\org.eclipse.equinox.launcher\org.eclipse.equinox.launcher.win32.win32.x86_64_1.3.0.v20260203-2149\eclipse_11919.dll
0x00007ffbd6720000 - 0x00007ffbd68c1000 	C:\windows\System32\ole32.dll
0x00007ffbd4790000 - 0x00007ffbd47ab000 	C:\windows\SYSTEM32\CRYPTSP.dll
0x00007ffbd3e60000 - 0x00007ffbd3e97000 	C:\windows\system32\rsaenh.dll
0x00007ffbd4590000 - 0x00007ffbd45b8000 	C:\windows\SYSTEM32\USERENV.dll
0x00007ffbd4770000 - 0x00007ffbd477c000 	C:\windows\SYSTEM32\CRYPTBASE.dll
0x00007ffbd36d0000 - 0x00007ffbd36fd000 	C:\windows\SYSTEM32\IPHLPAPI.DLL
0x00007ffbd69e0000 - 0x00007ffbd69e9000 	C:\windows\System32\NSI.dll
0x00007ffbce060000 - 0x00007ffbce0a9000 	C:\Users\ElSaeedA5\AppData\Local\Temp\jna--1688546685\jna11006265595495847412.dll
0x00007ffbd6ba0000 - 0x00007ffbd6ba8000 	C:\windows\System32\PSAPI.DLL
0x00007ffbcf760000 - 0x00007ffbcf779000 	C:\windows\SYSTEM32\dhcpcsvc6.DLL
0x00007ffbcf740000 - 0x00007ffbcf75f000 	C:\windows\SYSTEM32\dhcpcsvc.DLL
0x00007ffbcea90000 - 0x00007ffbcea9e000 	C:\Users\ElSaeedA5\.vscode\extensions\redhat.java-1.53.0-win32-x64\jre\21.0.10-win32-x86_64\bin\sunmscapi.dll
0x00007ffbd5140000 - 0x00007ffbd52a8000 	C:\windows\System32\CRYPT32.dll
0x00007ffbd4890000 - 0x00007ffbd48be000 	C:\windows\SYSTEM32\ncrypt.dll
0x00007ffbd4850000 - 0x00007ffbd4887000 	C:\windows\SYSTEM32\NTASN1.dll
0x00007ffbd3700000 - 0x00007ffbd37f8000 	C:\windows\SYSTEM32\DNSAPI.dll
0x00007ffbcc380000 - 0x00007ffbcc38a000 	C:\Windows\System32\rasadhlp.dll
0x00007ffbcfab0000 - 0x00007ffbcfb34000 	C:\windows\System32\fwpuclnt.dll
0x00007ffbce0c0000 - 0x00007ffbce0c9000 	C:\Users\ElSaeedA5\.vscode\extensions\redhat.java-1.53.0-win32-x64\jre\21.0.10-win32-x86_64\bin\extnet.dll
0x00007ffbce050000 - 0x00007ffbce05a000 	C:\Users\ElSaeedA5\.vscode\extensions\redhat.java-1.53.0-win32-x64\jre\21.0.10-win32-x86_64\bin\w2k_lsa_auth.dll
0x00007ffbd3cf0000 - 0x00007ffbd3cfc000 	C:\windows\SYSTEM32\Secur32.dll
0x00007ffbd4290000 - 0x00007ffbd42d3000 	C:\windows\SYSTEM32\SSPICLI.DLL
0x00007ffbbcd50000 - 0x00007ffbbcf45000 	C:\windows\system32\urlmon.dll
0x00007ffbbb370000 - 0x00007ffbbb62f000 	C:\windows\SYSTEM32\iertutil.dll
0x00007ffbd3a50000 - 0x00007ffbd3a78000 	C:\windows\SYSTEM32\srvcli.dll
0x00007ffbd3a80000 - 0x00007ffbd3a8c000 	C:\windows\SYSTEM32\netutils.dll
0x00007ffba6b90000 - 0x00007ffba6ba7000 	C:\windows\system32\napinsp.dll
0x00007ffba6550000 - 0x00007ffba656b000 	C:\windows\system32\pnrpnsp.dll
0x00007ffba6530000 - 0x00007ffba6541000 	C:\windows\System32\winrnr.dll
0x00007ffbcb0c0000 - 0x00007ffbcb0d5000 	C:\windows\system32\wshbth.dll
0x00007ffba6500000 - 0x00007ffba6521000 	C:\windows\system32\nlansp_c.dll
0x00007ffbd4450000 - 0x00007ffbd44e7000 	C:\windows\system32\msv1_0.DLL
0x00007ffbd47e0000 - 0x00007ffbd47f8000 	C:\windows\SYSTEM32\NtlmShared.dll

JVMTI agents:
c:\Users\ElSaeedA5\.vscode\extensions\redhat.java-1.53.0-win32-x64\lombok\lombok-1.18.39-4050.jar path:c:\Users\ElSaeedA5\.vscode\extensions\redhat.java-1.53.0-win32-x64\jre\21.0.10-win32-x86_64\bin\instrument.dll, loaded, initialized, instrumentlib options:none

dbghelp: loaded successfully - version: 4.0.5 - missing functions: none
symbol engine: initialized successfully - sym options: 0x614 - pdb path: .;c:\Users\ElSaeedA5\.vscode\extensions\redhat.java-1.53.0-win32-x64\jre\21.0.10-win32-x86_64\bin;C:\windows\SYSTEM32;C:\windows\WinSxS\amd64_microsoft.windows.common-controls_6595b64144ccf1df_6.0.22621.6060_none_2712eda17382d24b;c:\Users\ElSaeedA5\.vscode\extensions\redhat.java-1.53.0-win32-x64\jre\21.0.10-win32-x86_64\bin\server;C:\Users\ElSaeedA5\AppData\Roaming\Code\User\globalStorage\redhat.java\1.53.0\config_win\org.eclipse.equinox.launcher\org.eclipse.equinox.launcher.win32.win32.x86_64_1.3.0.v20260203-2149;C:\Users\ElSaeedA5\AppData\Local\Temp\jna--1688546685

VM Arguments:
jvm_args: --add-modules=ALL-SYSTEM --add-opens=java.base/java.util=ALL-UNNAMED --add-opens=java.base/java.lang=ALL-UNNAMED --add-opens=java.base/sun.nio.fs=ALL-UNNAMED -Declipse.application=org.eclipse.jdt.ls.core.id1 -Dosgi.bundles.defaultStartLevel=4 -Declipse.product=org.eclipse.jdt.ls.core.product -Djava.import.generatesMetadataFilesAtProjectRoot=false -DDetectVMInstallationsJob.disabled=true -Dfile.encoding=utf8 -XX:+UseParallelGC -XX:GCTimeRatio=4 -XX:AdaptiveSizePolicyWeight=90 -Dsun.zip.disableMemoryMapping=true -Xmx2G -Xms100m -Xlog:disable -javaagent:c:\Users\ElSaeedA5\.vscode\extensions\redhat.java-1.53.0-win32-x64\lombok\lombok-1.18.39-4050.jar -XX:+HeapDumpOnOutOfMemoryError -XX:HeapDumpPath=c:\Users\ElSaeedA5\AppData\Roaming\Code\User\workspaceStorage\a149a0c17d2ed1ea57f619b48d71368e\redhat.java -Daether.dependencyCollector.impl=bf 
java_command: c:\Users\ElSaeedA5\.vscode\extensions\redhat.java-1.53.0-win32-x64\server\plugins\org.eclipse.equinox.launcher_1.7.100.v20251111-0406.jar -configuration c:\Users\ElSaeedA5\AppData\Roaming\Code\User\globalStorage\redhat.java\1.53.0\config_win -data c:\Users\ElSaeedA5\AppData\Roaming\Code\User\workspaceStorage\a149a0c17d2ed1ea57f619b48d71368e\redhat.java\jdt_ws --pipe=\\.\pipe\lsp-75ae21fef2aac85faaacbc199940d925-sock
java_class_path (initial): c:\Users\ElSaeedA5\.vscode\extensions\redhat.java-1.53.0-win32-x64\server\plugins\org.eclipse.equinox.launcher_1.7.100.v20251111-0406.jar
Launcher Type: SUN_STANDARD

[Global flags]
    uintx AdaptiveSizePolicyWeight                 = 90                                        {product} {command line}
     intx CICompilerCount                          = 4                                         {product} {ergonomic}
    uintx GCTimeRatio                              = 4                                         {product} {command line}
     bool HeapDumpOnOutOfMemoryError               = true                                   {manageable} {command line}
    ccstr HeapDumpPath                             = c:\Users\ElSaeedA5\AppData\Roaming\Code\User\workspaceStorage\a149a0c17d2ed1ea57f619b48d71368e\redhat.java         {manageable} {command line}
   size_t InitialHeapSize                          = 104857600                                 {product} {command line}
   size_t MaxHeapSize                              = 2147483648                                {product} {command line}
   size_t MaxNewSize                               = 715653120                                 {product} {ergonomic}
   size_t MinHeapDeltaBytes                        = 524288                                    {product} {ergonomic}
   size_t MinHeapSize                              = 104857600                                 {product} {command line}
   size_t NewSize                                  = 34603008                                  {product} {ergonomic}
    uintx NonNMethodCodeHeapSize                   = 5839372                                {pd product} {ergonomic}
    uintx NonProfiledCodeHeapSize                  = 122909434                              {pd product} {ergonomic}
   size_t OldSize                                  = 70254592                                  {product} {ergonomic}
    uintx ProfiledCodeHeapSize                     = 122909434                              {pd product} {ergonomic}
    uintx ReservedCodeCacheSize                    = 251658240                              {pd product} {ergonomic}
     bool SegmentedCodeCache                       = true                                      {product} {ergonomic}
   size_t SoftMaxHeapSize                          = 2147483648                             {manageable} {ergonomic}
     bool UseCompressedOops                        = true                           {product lp64_product} {ergonomic}
     bool UseLargePagesIndividualAllocation        = false                                  {pd product} {ergonomic}
     bool UseParallelGC                            = true                                      {product} {command line}

Logging:
Log output configuration:
 #0: stdout all=off uptime,level,tags foldmultilines=false
 #1: stderr all=off uptime,level,tags foldmultilines=false

Release file:
JAVA_VERSION="21.0.10" 
MODULES="java.base java.compiler java.datatransfer java.xml java.prefs java.desktop java.instrument java.logging java.management java.security.sasl java.naming java.rmi java.management.rmi java.net.http java.scripting java.security.jgss java.transaction.xa java.sql java.sql.rowset java.xml.crypto java.se java.smartcardio jdk.accessibility jdk.internal.jvmstat jdk.attach jdk.charsets jdk.internal.opt jdk.zipfs jdk.compiler jdk.crypto.ec jdk.crypto.cryptoki jdk.crypto.mscapi jdk.dynalink jdk.internal.ed jdk.editpad jdk.hotspot.agent jdk.httpserver jdk.internal.le jdk.internal.vm.ci jdk.internal.vm.compiler jdk.internal.vm.compiler.management jdk.jartool jdk.javadoc jdk.jcmd jdk.management jdk.management.agent jdk.jconsole jdk.jdeps jdk.jdwp.agent jdk.jdi jdk.jfr jdk.jshell jdk.jsobject jdk.jstatd jdk.localedata jdk.management.jfr jdk.naming.dns jdk.naming.rmi jdk.net jdk.nio.mapmode jdk.random jdk.sctp jdk.security.auth jdk.security.jgss jdk.unsupported jdk.unsupported.desktop jdk.xml.dom" 

Environment Variables:
PATH=C:\Program Files\Common Files\Oracle\Java\javapath;C:\Program Files (x86)\Common Files\Oracle\Java\java8path;C:\Program Files (x86)\Common Files\Oracle\Java\javapath;D:\Python\Scripts\;D:\Python\;C:\Program Files\Python312\Scripts\;C:\Program Files\Python312\;C:\windows\system32;C:\windows;C:\windows\System32\Wbem;C:\windows\System32\WindowsPowerShell\v1.0\;C:\windows\System32\OpenSSH\;C:\Users\v19asafwat\AppData\Roaming\nvm;C:\Program Files\nodejs;C:\ProgramData\chocolatey\bin;C:\Program Files\WindowsPowerShell\Scripts;C:\windows\system32;C:\windows;C:\windows\System32\Wbem;C:\windows\System32\WindowsPowerShell\v1.0\;C:\windows\System32\OpenSSH\;C:\Program Files\TortoiseGit\bin;C:\Program Files\nodejs\;C:\Program Files\Git\cmd;C:\Program Files\Docker\Docker\resources\bin;C:\Program Files\JetBrains\IntelliJ IDEA Community Edition 2020.2.2\plugins\maven\lib\maven3\bin;C:\Users\ElSaeedA5\AppData\Local\Microsoft\WindowsApps;C:\Users\ElSaeedA5\AppData\Local\Programs\IntelliJ IDEA 2025.2.1\bin;C:\Users\ElSaeedA5\AppData\Local\Programs\IntelliJ IDEA 2025.2.1\plugins\maven\lib\maven3\bin;D:\jdk-17\bin;C:\Users\ElSaeedA5\AppData\Local\Programs\Microsoft VS Code\bin
USERNAME=ElSaeedA5
OS=Windows_NT
PROCESSOR_IDENTIFIER=Intel64 Family 6 Model 142 Stepping 12, GenuineIntel
TMP=C:\Users\ELSAEE~1\AppData\Local\Temp
TEMP=C:\Users\ELSAEE~1\AppData\Local\Temp




Periodic native trim disabled

---------------  S Y S T E M  ---------------

OS:
 Windows 11 , 64 bit Build 22621 (10.0.22621.5415)
OS uptime: 95 days 7:06 hours
Hyper-V role detected

CPU: total 8 (initial active 8) (4 cores per cpu, 2 threads per core) family 6 model 142 stepping 12 microcode 0xea, cx8, cmov, fxsr, ht, mmx, 3dnowpref, sse, sse2, sse3, ssse3, sse4.1, sse4.2, popcnt, lzcnt, tsc, tscinvbit, avx, avx2, aes, erms, clmul, bmi1, bmi2, adx, fma, vzeroupper, clflush, clflushopt, hv, rdtscp, f16c
Processor Information for the first 8 processors :
  Max Mhz: 2304, Current Mhz: 801, Mhz Limit: 783

Memory: 4k page, system-wide physical 16102M (496M free)
TotalPageFile size 40998M (AvailPageFile size 0M)
current process WorkingSet (physical memory assigned to process): 243M, peak: 255M
current process commit charge ("private bytes"): 340M, peak: 357M

vm_info: OpenJDK 64-Bit Server VM (21.0.10+7-LTS) for windows-amd64 JRE (21.0.10+7-LTS), built on 2026-01-20T00:00:00Z by "admin" with MS VC++ 17.12 (VS2022)

END.
