#
# There is insufficient memory for the Java Runtime Environment to continue.
# Native memory allocation (malloc) failed to allocate 808896 bytes. Error detail: Chunk::new
# Possible reasons:
#   The system is out of physical RAM or swap space
#   This process is running with CompressedOops enabled, and the Java Heap may be blocking the growth of the native heap
# Possible solutions:
#   Reduce memory load on the system
#   Increase physical memory or swap space
#   Check if swap backing store is full
#   Decrease Java heap size (-Xmx/-Xms)
#   Decrease number of Java threads
#   Decrease Java thread stack sizes (-Xss)
#   Set larger code cache with -XX:ReservedCodeCacheSize=
#   JVM is running with Unscaled Compressed Oops mode in which the Java heap is
#     placed in the first 4GB address space. The Java Heap base address is the
#     maximum limit for the native heap growth. Please use -XX:HeapBaseMinAddress
#     to set the Java Heap base and to place the Java Heap above 4GB virtual address.
# This output file may be truncated or incomplete.
#
#  Out of Memory Error (arena.cpp:168), pid=30760, tid=37484
#
# JRE version: OpenJDK Runtime Environment Temurin-21.0.10+7 (21.0.10+7) (build 21.0.10+7-LTS)
# Java VM: OpenJDK 64-Bit Server VM Temurin-21.0.10+7 (21.0.10+7-LTS, mixed mode, sharing, tiered, compressed oops, compressed class ptrs, parallel gc, windows-amd64)
# No core dump will be written. Minidumps are not enabled by default on client versions of Windows
#

---------------  S U M M A R Y ------------

Command Line: --add-modules=ALL-SYSTEM --add-opens=java.base/java.util=ALL-UNNAMED --add-opens=java.base/java.lang=ALL-UNNAMED --add-opens=java.base/sun.nio.fs=ALL-UNNAMED -Declipse.application=org.eclipse.jdt.ls.core.id1 -Dosgi.bundles.defaultStartLevel=4 -Declipse.product=org.eclipse.jdt.ls.core.product -Djava.import.generatesMetadataFilesAtProjectRoot=false -DDetectVMInstallationsJob.disabled=true -Dfile.encoding=utf8 -XX:+UseParallelGC -XX:GCTimeRatio=4 -XX:AdaptiveSizePolicyWeight=90 -Dsun.zip.disableMemoryMapping=true -Xmx2G -Xms100m -Xlog:disable -javaagent:c:\Users\ElSaeedA5\.vscode\extensions\redhat.java-1.53.0-win32-x64\lombok\lombok-1.18.39-4050.jar -XX:+HeapDumpOnOutOfMemoryError -XX:HeapDumpPath=c:\Users\ElSaeedA5\AppData\Roaming\Code\User\workspaceStorage\a149a0c17d2ed1ea57f619b48d71368e\redhat.java -Daether.dependencyCollector.impl=bf c:\Users\ElSaeedA5\.vscode\extensions\redhat.java-1.53.0-win32-x64\server\plugins\org.eclipse.equinox.launcher_1.7.100.v20251111-0406.jar -configuration c:\Users\ElSaeedA5\AppData\Roaming\Code\User\globalStorage\redhat.java\1.53.0\config_win -data c:\Users\ElSaeedA5\AppData\Roaming\Code\User\workspaceStorage\a149a0c17d2ed1ea57f619b48d71368e\redhat.java\jdt_ws --pipe=\\.\pipe\lsp-dbe2c2b3433a0451ceb68d576af88a9f-sock

Host: Intel(R) Core(TM) i7-10610U CPU @ 1.80GHz, 8 cores, 15G,  Windows 11 , 64 bit Build 22621 (10.0.22621.5415)
Time: Sun Apr 26 17:13:46 2026 Egypt Daylight Time elapsed time: 33.737551 seconds (0d 0h 0m 33s)

---------------  T H R E A D  ---------------

Current thread (0x0000019fa7ed1230):  JavaThread "C2 CompilerThread0" daemon [_thread_in_native, id=37484, stack(0x0000001de0000000,0x0000001de0100000) (1024K)]


Current CompileTask:
C2:33737 9278       4       org.apache.maven.model.inheritance.DefaultInheritanceAssembler$InheritanceModelMerger::mergePluginContainer_Plugins (433 bytes)

Stack: [0x0000001de0000000,0x0000001de0100000]
Native frames: (J=compiled Java code, j=interpreted, Vv=VM code, C=native code)
V  [jvm.dll+0x6d7a39]
V  [jvm.dll+0x8b4b26]
V  [jvm.dll+0x8b70de]
V  [jvm.dll+0x8b77c3]
V  [jvm.dll+0x284346]
V  [jvm.dll+0xc66ed]
V  [jvm.dll+0xc6c31]
V  [jvm.dll+0x2fb29e]
V  [jvm.dll+0x5fe884]
V  [jvm.dll+0x255b17]
V  [jvm.dll+0x255edd]
V  [jvm.dll+0x24e500]
V  [jvm.dll+0x24ba42]
V  [jvm.dll+0x1cb34e]
V  [jvm.dll+0x25b85d]
V  [jvm.dll+0x259dea]
V  [jvm.dll+0x3f857e]
V  [jvm.dll+0x85f59d]
V  [jvm.dll+0x6d626d]
C  [ucrtbase.dll+0x29333]
C  [KERNEL32.DLL+0x1259d]
C  [ntdll.dll+0x5af78]


---------------  P R O C E S S  ---------------

Threads class SMR info:
_java_thread_list=0x0000019ff2968840, length=39, elements={
0x0000019f9144d400, 0x0000019f9150a340, 0x0000019f9150cab0, 0x0000019fa7ec3fb0,
0x0000019fa7ec4ae0, 0x0000019fa7ec8fe0, 0x0000019fa7ecd270, 0x0000019fa7ed1230,
0x0000019fa7ed2650, 0x0000019feaa42cd0, 0x0000019feab94ef0, 0x0000019fef3a4fd0,
0x0000019fef3a3c20, 0x0000019fef3a42b0, 0x0000019fef3a21e0, 0x0000019fef3a4940,
0x0000019fef3a2870, 0x0000019fef3a3590, 0x0000019feaaa1650, 0x0000019feaaa4440,
0x0000019feaaa1ce0, 0x0000019feaaa4ad0, 0x0000019feaaa2a00, 0x0000019feaaa3720,
0x0000019ff01154f0, 0x0000019ff0113ab0, 0x0000019ff010f910, 0x0000019ff010f280,
0x0000019ff0112070, 0x0000019ff0114140, 0x0000019ff0110630, 0x0000019ff0111350,
0x0000019ff01147d0, 0x0000019ff010ebf0, 0x0000019ff010e560, 0x0000019ff0114e60,
0x0000019ff0115b80, 0x0000019ff0112700, 0x0000019ff0112d90
}

Java Threads: ( => current thread )
  0x0000019f9144d400 JavaThread "main"                              [_thread_blocked, id=18768, stack(0x0000001ddf600000,0x0000001ddf700000) (1024K)]
  0x0000019f9150a340 JavaThread "Reference Handler"          daemon [_thread_blocked, id=38124, stack(0x0000001ddfa00000,0x0000001ddfb00000) (1024K)]
  0x0000019f9150cab0 JavaThread "Finalizer"                  daemon [_thread_blocked, id=26524, stack(0x0000001ddfb00000,0x0000001ddfc00000) (1024K)]
  0x0000019fa7ec3fb0 JavaThread "Signal Dispatcher"          daemon [_thread_blocked, id=35508, stack(0x0000001ddfc00000,0x0000001ddfd00000) (1024K)]
  0x0000019fa7ec4ae0 JavaThread "Attach Listener"            daemon [_thread_blocked, id=31308, stack(0x0000001ddfd00000,0x0000001ddfe00000) (1024K)]
  0x0000019fa7ec8fe0 JavaThread "Service Thread"             daemon [_thread_blocked, id=12116, stack(0x0000001ddfe00000,0x0000001ddff00000) (1024K)]
  0x0000019fa7ecd270 JavaThread "Monitor Deflation Thread"   daemon [_thread_blocked, id=16064, stack(0x0000001ddff00000,0x0000001de0000000) (1024K)]
=>0x0000019fa7ed1230 JavaThread "C2 CompilerThread0"         daemon [_thread_in_native, id=37484, stack(0x0000001de0000000,0x0000001de0100000) (1024K)]
  0x0000019fa7ed2650 JavaThread "C1 CompilerThread0"         daemon [_thread_blocked, id=8732, stack(0x0000001de0100000,0x0000001de0200000) (1024K)]
  0x0000019feaa42cd0 JavaThread "Common-Cleaner"             daemon [_thread_blocked, id=39176, stack(0x0000001de0200000,0x0000001de0300000) (1024K)]
  0x0000019feab94ef0 JavaThread "Notification Thread"        daemon [_thread_blocked, id=6936, stack(0x0000001de0400000,0x0000001de0500000) (1024K)]
  0x0000019fef3a4fd0 JavaThread "Active Thread: Equinox Container: f7249f60-aa33-4630-b1ca-f4a62b1fbde4"        [_thread_blocked, id=15312, stack(0x0000001de0300000,0x0000001de0400000) (1024K)]
  0x0000019fef3a3c20 JavaThread "Refresh Thread: Equinox Container: f7249f60-aa33-4630-b1ca-f4a62b1fbde4" daemon [_thread_blocked, id=27492, stack(0x0000001de0c00000,0x0000001de0d00000) (1024K)]
  0x0000019fef3a42b0 JavaThread "Framework Event Dispatcher: Equinox Container: f7249f60-aa33-4630-b1ca-f4a62b1fbde4" daemon [_thread_blocked, id=39120, stack(0x0000001de0d00000,0x0000001de0e00000) (1024K)]
  0x0000019fef3a21e0 JavaThread "Start Level: Equinox Container: f7249f60-aa33-4630-b1ca-f4a62b1fbde4" daemon [_thread_blocked, id=20024, stack(0x0000001de0e00000,0x0000001de0f00000) (1024K)]
  0x0000019fef3a4940 JavaThread "Bundle File Closer"         daemon [_thread_blocked, id=908, stack(0x0000001de0f00000,0x0000001de1000000) (1024K)]
  0x0000019fef3a2870 JavaThread "SCR Component Actor"        daemon [_thread_blocked, id=23404, stack(0x0000001de1000000,0x0000001de1100000) (1024K)]
  0x0000019fef3a3590 JavaThread "Worker-JM"                         [_thread_blocked, id=6264, stack(0x0000001de1100000,0x0000001de1200000) (1024K)]
  0x0000019feaaa1650 JavaThread "JNA Cleaner"                daemon [_thread_blocked, id=25380, stack(0x0000001de1200000,0x0000001de1300000) (1024K)]
  0x0000019feaaa4440 JavaThread "Worker-0: Building"                [_thread_in_native, id=18808, stack(0x0000001de1300000,0x0000001de1400000) (1024K)]
  0x0000019feaaa1ce0 JavaThread "Worker-1"                          [_thread_blocked, id=3760, stack(0x0000001de1400000,0x0000001de1500000) (1024K)]
  0x0000019feaaa4ad0 JavaThread "Worker-2: Processing Java changes since last activation"        [_thread_blocked, id=37212, stack(0x0000001de1500000,0x0000001de1600000) (1024K)]
  0x0000019feaaa2a00 JavaThread "Worker-3"                          [_thread_blocked, id=16828, stack(0x0000001de1600000,0x0000001de1700000) (1024K)]
  0x0000019feaaa3720 JavaThread "Java indexing"              daemon [_thread_blocked, id=9252, stack(0x0000001de1900000,0x0000001de1a00000) (1024K)]
  0x0000019ff01154f0 JavaThread "Worker-4"                          [_thread_blocked, id=4324, stack(0x0000001de1800000,0x0000001de1900000) (1024K)]
  0x0000019ff0113ab0 JavaThread "Worker-5"                          [_thread_blocked, id=40284, stack(0x0000001de1c00000,0x0000001de1d00000) (1024K)]
  0x0000019ff010f910 JavaThread "Worker-6"                          [_thread_blocked, id=24688, stack(0x0000001de1d00000,0x0000001de1e00000) (1024K)]
  0x0000019ff010f280 JavaThread "Thread-1"                   daemon [_thread_in_native, id=31288, stack(0x0000001de1e00000,0x0000001de1f00000) (1024K)]
  0x0000019ff0112070 JavaThread "Thread-2"                   daemon [_thread_in_native, id=4008, stack(0x0000001de1f00000,0x0000001de2000000) (1024K)]
  0x0000019ff0114140 JavaThread "Thread-3"                   daemon [_thread_in_native, id=33244, stack(0x0000001de2000000,0x0000001de2100000) (1024K)]
  0x0000019ff0110630 JavaThread "Thread-4"                   daemon [_thread_in_native, id=5932, stack(0x0000001de2100000,0x0000001de2200000) (1024K)]
  0x0000019ff0111350 JavaThread "Thread-5"                   daemon [_thread_in_native, id=25824, stack(0x0000001de2200000,0x0000001de2300000) (1024K)]
  0x0000019ff01147d0 JavaThread "Thread-6"                   daemon [_thread_in_native, id=9728, stack(0x0000001de2300000,0x0000001de2400000) (1024K)]
  0x0000019ff010ebf0 JavaThread "Thread-7"                   daemon [_thread_in_native, id=7196, stack(0x0000001de2400000,0x0000001de2500000) (1024K)]
  0x0000019ff010e560 JavaThread "Thread-8"                   daemon [_thread_in_native, id=40276, stack(0x0000001de2500000,0x0000001de2600000) (1024K)]
  0x0000019ff0114e60 JavaThread "Thread-9"                   daemon [_thread_in_native, id=35732, stack(0x0000001de2600000,0x0000001de2700000) (1024K)]
  0x0000019ff0115b80 JavaThread "pool-2-thread-1"                   [_thread_blocked, id=29808, stack(0x0000001de2700000,0x0000001de2800000) (1024K)]
  0x0000019ff0112700 JavaThread "WorkspaceEventsHandler"            [_thread_blocked, id=26252, stack(0x0000001de2900000,0x0000001de2a00000) (1024K)]
  0x0000019ff0112d90 JavaThread "pool-1-thread-1"                   [_thread_blocked, id=9056, stack(0x0000001de2a00000,0x0000001de2b00000) (1024K)]
Total: 39

Other Threads:
  0x0000019fa7ec2d70 VMThread "VM Thread"                           [id=27020, stack(0x0000001ddf900000,0x0000001ddfa00000) (1024K)]
  0x0000019fa7ddca00 WatcherThread "VM Periodic Task Thread"        [id=17736, stack(0x0000001ddf800000,0x0000001ddf900000) (1024K)]
  0x0000019f9146c860 WorkerThread "GC Thread#0"                     [id=22100, stack(0x0000001ddf700000,0x0000001ddf800000) (1024K)]
  0x0000019fef86d290 WorkerThread "GC Thread#1"                     [id=37420, stack(0x0000001de0500000,0x0000001de0600000) (1024K)]
  0x0000019fef8cdbd0 WorkerThread "GC Thread#2"                     [id=16020, stack(0x0000001de0600000,0x0000001de0700000) (1024K)]
  0x0000019fef8cdf80 WorkerThread "GC Thread#3"                     [id=36164, stack(0x0000001de0700000,0x0000001de0800000) (1024K)]
  0x0000019fef6b83b0 WorkerThread "GC Thread#4"                     [id=36988, stack(0x0000001de0800000,0x0000001de0900000) (1024K)]
  0x0000019fef6b8760 WorkerThread "GC Thread#5"                     [id=16628, stack(0x0000001de0900000,0x0000001de0a00000) (1024K)]
  0x0000019fef6b8b10 WorkerThread "GC Thread#6"                     [id=1336, stack(0x0000001de0a00000,0x0000001de0b00000) (1024K)]
  0x0000019fef4159d0 WorkerThread "GC Thread#7"                     [id=41884, stack(0x0000001de0b00000,0x0000001de0c00000) (1024K)]
Total: 10

Threads with active compile tasks:
C2 CompilerThread0  33790 9278       4       org.apache.maven.model.inheritance.DefaultInheritanceAssembler$InheritanceModelMerger::mergePluginContainer_Plugins (433 bytes)
Total: 1

VM state: not at safepoint (normal execution)

VM Mutex/Monitor currently owned by a thread: None

Heap address: 0x0000000080000000, size: 2048 MB, Compressed Oops mode: 32-bit

CDS archive(s) mapped at: [0x0000019fa8000000-0x0000019fa8ba0000-0x0000019fa8ba0000), size 12189696, SharedBaseAddress: 0x0000019fa8000000, ArchiveRelocationMode: 1.
Compressed class space mapped at: 0x0000019fa9000000-0x0000019fe9000000, reserved size: 1073741824
Narrow klass base: 0x0000019fa8000000, Narrow klass shift: 0, Narrow klass range: 0x100000000

GC Precious Log:
 CardTable entry size: 512
 CPUs: 8 total, 8 available
 Memory: 16102M
 Large Page Support: Disabled
 NUMA Support: Disabled
 Compressed Oops: Enabled (32-bit)
 Alignments: Space 512K, Generation 512K, Heap 2M
 Heap Min Capacity: 100M
 Heap Initial Capacity: 100M
 Heap Max Capacity: 2G
 Pre-touch: Disabled
 Parallel Workers: 8

Heap:
 PSYoungGen      total 23040K, used 3815K [0x00000000d5580000, 0x00000000d6f00000, 0x0000000100000000)
  eden space 21504K, 11% used [0x00000000d5580000,0x00000000d57f1ef0,0x00000000d6a80000)
  from space 1536K, 85% used [0x00000000d6d80000,0x00000000d6ec8020,0x00000000d6f00000)
  to   space 2048K, 0% used [0x00000000d6b00000,0x00000000d6b00000,0x00000000d6d00000)
 ParOldGen       total 68608K, used 43522K [0x0000000080000000, 0x0000000084300000, 0x00000000d5580000)
  object space 68608K, 63% used [0x0000000080000000,0x0000000082a80be0,0x0000000084300000)
 Metaspace       used 55195K, committed 56576K, reserved 1114112K
  class space    used 5993K, committed 6656K, reserved 1048576K

Card table byte_map: [0x0000019f90e20000,0x0000019f91230000] _byte_map_base: 0x0000019f90a20000

Marking Bits: (ParMarkBitMap*) 0x00007ffb6e043450
 Begin Bits: [0x0000019fa3900000, 0x0000019fa5900000)
 End Bits:   [0x0000019fa5900000, 0x0000019fa7900000)

Polling page: 0x0000019f90c10000

Metaspace:

Usage:
  Non-class:     48.05 MB used.
      Class:      5.85 MB used.
       Both:     53.90 MB used.

Virtual space:
  Non-class space:       64.00 MB reserved,      48.75 MB ( 76%) committed,  1 nodes.
      Class space:        1.00 GB reserved,       6.50 MB ( <1%) committed,  1 nodes.
             Both:        1.06 GB reserved,      55.25 MB (  5%) committed. 

Chunk freelists:
   Non-Class:  14.31 MB
       Class:  9.55 MB
        Both:  23.87 MB

MaxMetaspaceSize: unlimited
CompressedClassSpaceSize: 1.00 GB
Initial GC threshold: 21.00 MB
Current GC threshold: 58.38 MB
CDS: on
 - commit_granule_bytes: 65536.
 - commit_granule_words: 8192.
 - virtual_space_node_default_size: 8388608.
 - enlarge_chunks_in_place: 1.
 - use_allocation_guard: 0.


Internal statistics:

num_allocs_failed_limit: 6.
num_arena_births: 1066.
num_arena_deaths: 14.
num_vsnodes_births: 2.
num_vsnodes_deaths: 0.
num_space_committed: 883.
num_space_uncommitted: 0.
num_chunks_returned_to_freelist: 20.
num_chunks_taken_from_freelist: 3519.
num_chunk_merges: 7.
num_chunk_splits: 2091.
num_chunks_enlarged: 1092.
num_inconsistent_stats: 0.

CodeHeap 'non-profiled nmethods': size=120000Kb used=5085Kb max_used=5085Kb free=114914Kb
 bounds [0x0000019f9c120000, 0x0000019f9c620000, 0x0000019fa3650000]
CodeHeap 'profiled nmethods': size=120000Kb used=19556Kb max_used=19556Kb free=100443Kb
 bounds [0x0000019f94650000, 0x0000019f95970000, 0x0000019f9bb80000]
CodeHeap 'non-nmethods': size=5760Kb used=1406Kb max_used=1500Kb free=4353Kb
 bounds [0x0000019f9bb80000, 0x0000019f9bdf0000, 0x0000019f9c120000]
CodeCache: size=245760Kb, used=26047Kb, max_used=26141Kb, free=219710Kb
 total_blobs=9489, nmethods=8779, adapters=616, full_count=0
Compilation: enabled, stopped_count=0, restarted_count=0

Compilation events (20 events):
Event: 33.473 Thread 0x0000019fa7ed2650 9380       1       org.eclipse.aether.util.graph.transformer.ConflictResolver$ConflictContext::setWinner (6 bytes)
Event: 33.473 Thread 0x0000019fa7ed2650 nmethod 9380 0x0000019f9c616390 code [0x0000019f9c616520, 0x0000019f9c616600]
Event: 33.473 Thread 0x0000019fa7ed2650 9381       1       org.eclipse.aether.util.graph.transformer.ConflictResolver$ConflictContext::getWinner (5 bytes)
Event: 33.473 Thread 0x0000019fa7ed2650 nmethod 9381 0x0000019f9c616690 code [0x0000019f9c616820, 0x0000019f9c6168e8]
Event: 33.473 Thread 0x0000019fa7ed2650 9382       1       org.eclipse.aether.util.graph.transformer.ConflictResolver$ConflictContext::setScope (6 bytes)
Event: 33.473 Thread 0x0000019fa7ed2650 nmethod 9382 0x0000019f9c616990 code [0x0000019f9c616b20, 0x0000019f9c616c00]
Event: 33.473 Thread 0x0000019fa7ed2650 9383       1       org.eclipse.aether.util.graph.transformer.ConflictResolver$ConflictContext::setOptional (6 bytes)
Event: 33.473 Thread 0x0000019fa7ed2650 nmethod 9383 0x0000019f9c616c90 code [0x0000019f9c616e20, 0x0000019f9c616f00]
Event: 33.473 Thread 0x0000019fa7ed2650 9378       3       java.util.IdentityHashMap$KeyIterator::next (13 bytes)
Event: 33.474 Thread 0x0000019fa7ed2650 nmethod 9378 0x0000019f95967a90 code [0x0000019f95967c60, 0x0000019f95967f00]
Event: 33.474 Thread 0x0000019fa7ed2650 9386       3       org.eclipse.aether.util.graph.transformer.ConflictResolver$State::scopes (55 bytes)
Event: 33.474 Thread 0x0000019fa7ed2650 nmethod 9386 0x0000019f95968010 code [0x0000019f95968200, 0x0000019f95968738]
Event: 33.474 Thread 0x0000019fa7ed2650 9379       3       java.util.IdentityHashMap::unmaskNull (13 bytes)
Event: 33.475 Thread 0x0000019fa7ed2650 nmethod 9379 0x0000019f95968910 code [0x0000019f95968ac0, 0x0000019f95968c08]
Event: 33.475 Thread 0x0000019fa7ed2650 9384       3       java.util.concurrent.locks.LockSupport::setCurrentBlocker (14 bytes)
Event: 33.475 Thread 0x0000019fa7ed2650 nmethod 9384 0x0000019f95968c90 code [0x0000019f95968e40, 0x0000019f95968fe8]
Event: 33.475 Thread 0x0000019fa7ed2650 9387       1       org.eclipse.aether.internal.impl.ArtifactRequestBuilder::visitLeave (2 bytes)
Event: 33.475 Thread 0x0000019fa7ed2650 nmethod 9387 0x0000019f9c616f90 code [0x0000019f9c617120, 0x0000019f9c6171e8]
Event: 33.475 Thread 0x0000019fa7ed2650 9388       1       org.eclipse.aether.graph.DefaultDependencyNode::getRepositories (5 bytes)
Event: 33.475 Thread 0x0000019fa7ed2650 nmethod 9388 0x0000019f9c617290 code [0x0000019f9c617420, 0x0000019f9c6174e8]

GC Heap History (20 events):
Event: 23.941 GC heap before
{Heap before GC invocations=25 (full 2):
 PSYoungGen      total 24064K, used 23915K [0x00000000d5580000, 0x00000000d7000000, 0x0000000100000000)
  eden space 22016K, 100% used [0x00000000d5580000,0x00000000d6b00000,0x00000000d6b00000)
  from space 2048K, 92% used [0x00000000d6e00000,0x00000000d6fdaea8,0x00000000d7000000)
  to   space 2048K, 0% used [0x00000000d6c00000,0x00000000d6c00000,0x00000000d6e00000)
 ParOldGen       total 68608K, used 27241K [0x0000000080000000, 0x0000000084300000, 0x00000000d5580000)
  object space 68608K, 39% used [0x0000000080000000,0x0000000081a9a470,0x0000000084300000)
 Metaspace       used 52414K, committed 53632K, reserved 1114112K
  class space    used 5773K, committed 6336K, reserved 1048576K
}
Event: 23.947 GC heap after
{Heap after GC invocations=25 (full 2):
 PSYoungGen      total 24064K, used 2032K [0x00000000d5580000, 0x00000000d7400000, 0x0000000100000000)
  eden space 22016K, 0% used [0x00000000d5580000,0x00000000d5580000,0x00000000d6b00000)
  from space 2048K, 99% used [0x00000000d6c00000,0x00000000d6dfc010,0x00000000d6e00000)
  to   space 4608K, 0% used [0x00000000d6f80000,0x00000000d6f80000,0x00000000d7400000)
 ParOldGen       total 68608K, used 29082K [0x0000000080000000, 0x0000000084300000, 0x00000000d5580000)
  object space 68608K, 42% used [0x0000000080000000,0x0000000081c66a10,0x0000000084300000)
 Metaspace       used 52414K, committed 53632K, reserved 1114112K
  class space    used 5773K, committed 6336K, reserved 1048576K
}
Event: 26.153 GC heap before
{Heap before GC invocations=26 (full 2):
 PSYoungGen      total 24064K, used 24048K [0x00000000d5580000, 0x00000000d7400000, 0x0000000100000000)
  eden space 22016K, 100% used [0x00000000d5580000,0x00000000d6b00000,0x00000000d6b00000)
  from space 2048K, 99% used [0x00000000d6c00000,0x00000000d6dfc010,0x00000000d6e00000)
  to   space 4608K, 0% used [0x00000000d6f80000,0x00000000d6f80000,0x00000000d7400000)
 ParOldGen       total 68608K, used 29082K [0x0000000080000000, 0x0000000084300000, 0x00000000d5580000)
  object space 68608K, 42% used [0x0000000080000000,0x0000000081c66a10,0x0000000084300000)
 Metaspace       used 52693K, committed 53952K, reserved 1114112K
  class space    used 5774K, committed 6336K, reserved 1048576K
}
Event: 26.158 GC heap after
{Heap after GC invocations=26 (full 2):
 PSYoungGen      total 23552K, used 1504K [0x00000000d5580000, 0x00000000d7100000, 0x0000000100000000)
  eden space 22016K, 0% used [0x00000000d5580000,0x00000000d5580000,0x00000000d6b00000)
  from space 1536K, 97% used [0x00000000d6f80000,0x00000000d70f8000,0x00000000d7100000)
  to   space 2560K, 0% used [0x00000000d6c00000,0x00000000d6c00000,0x00000000d6e80000)
 ParOldGen       total 68608K, used 30827K [0x0000000080000000, 0x0000000084300000, 0x00000000d5580000)
  object space 68608K, 44% used [0x0000000080000000,0x0000000081e1aca0,0x0000000084300000)
 Metaspace       used 52693K, committed 53952K, reserved 1114112K
  class space    used 5774K, committed 6336K, reserved 1048576K
}
Event: 26.762 GC heap before
{Heap before GC invocations=27 (full 2):
 PSYoungGen      total 23552K, used 23520K [0x00000000d5580000, 0x00000000d7100000, 0x0000000100000000)
  eden space 22016K, 100% used [0x00000000d5580000,0x00000000d6b00000,0x00000000d6b00000)
  from space 1536K, 97% used [0x00000000d6f80000,0x00000000d70f8000,0x00000000d7100000)
  to   space 2560K, 0% used [0x00000000d6c00000,0x00000000d6c00000,0x00000000d6e80000)
 ParOldGen       total 68608K, used 30827K [0x0000000080000000, 0x0000000084300000, 0x00000000d5580000)
  object space 68608K, 44% used [0x0000000080000000,0x0000000081e1aca0,0x0000000084300000)
 Metaspace       used 53118K, committed 54400K, reserved 1114112K
  class space    used 5822K, committed 6400K, reserved 1048576K
}
Event: 26.767 GC heap after
{Heap after GC invocations=27 (full 2):
 PSYoungGen      total 24576K, used 2400K [0x00000000d5580000, 0x00000000d7100000, 0x0000000100000000)
  eden space 22016K, 0% used [0x00000000d5580000,0x00000000d5580000,0x00000000d6b00000)
  from space 2560K, 93% used [0x00000000d6c00000,0x00000000d6e58010,0x00000000d6e80000)
  to   space 2560K, 0% used [0x00000000d6e80000,0x00000000d6e80000,0x00000000d7100000)
 ParOldGen       total 68608K, used 32055K [0x0000000080000000, 0x0000000084300000, 0x00000000d5580000)
  object space 68608K, 46% used [0x0000000080000000,0x0000000081f4dcb0,0x0000000084300000)
 Metaspace       used 53118K, committed 54400K, reserved 1114112K
  class space    used 5822K, committed 6400K, reserved 1048576K
}
Event: 27.205 GC heap before
{Heap before GC invocations=28 (full 2):
 PSYoungGen      total 24576K, used 24416K [0x00000000d5580000, 0x00000000d7100000, 0x0000000100000000)
  eden space 22016K, 100% used [0x00000000d5580000,0x00000000d6b00000,0x00000000d6b00000)
  from space 2560K, 93% used [0x00000000d6c00000,0x00000000d6e58010,0x00000000d6e80000)
  to   space 2560K, 0% used [0x00000000d6e80000,0x00000000d6e80000,0x00000000d7100000)
 ParOldGen       total 68608K, used 32055K [0x0000000080000000, 0x0000000084300000, 0x00000000d5580000)
  object space 68608K, 46% used [0x0000000080000000,0x0000000081f4dcb0,0x0000000084300000)
 Metaspace       used 53308K, committed 54592K, reserved 1114112K
  class space    used 5823K, committed 6400K, reserved 1048576K
}
Event: 27.212 GC heap after
{Heap after GC invocations=28 (full 2):
 PSYoungGen      total 24576K, used 2112K [0x00000000d5580000, 0x00000000d7100000, 0x0000000100000000)
  eden space 22016K, 0% used [0x00000000d5580000,0x00000000d5580000,0x00000000d6b00000)
  from space 2560K, 82% used [0x00000000d6e80000,0x00000000d7090000,0x00000000d7100000)
  to   space 2560K, 0% used [0x00000000d6c00000,0x00000000d6c00000,0x00000000d6e80000)
 ParOldGen       total 68608K, used 33638K [0x0000000080000000, 0x0000000084300000, 0x00000000d5580000)
  object space 68608K, 49% used [0x0000000080000000,0x00000000820d99d0,0x0000000084300000)
 Metaspace       used 53308K, committed 54592K, reserved 1114112K
  class space    used 5823K, committed 6400K, reserved 1048576K
}
Event: 29.116 GC heap before
{Heap before GC invocations=29 (full 2):
 PSYoungGen      total 24576K, used 24128K [0x00000000d5580000, 0x00000000d7100000, 0x0000000100000000)
  eden space 22016K, 100% used [0x00000000d5580000,0x00000000d6b00000,0x00000000d6b00000)
  from space 2560K, 82% used [0x00000000d6e80000,0x00000000d7090000,0x00000000d7100000)
  to   space 2560K, 0% used [0x00000000d6c00000,0x00000000d6c00000,0x00000000d6e80000)
 ParOldGen       total 68608K, used 33638K [0x0000000080000000, 0x0000000084300000, 0x00000000d5580000)
  object space 68608K, 49% used [0x0000000080000000,0x00000000820d99d0,0x0000000084300000)
 Metaspace       used 53599K, committed 54912K, reserved 1114112K
  class space    used 5844K, committed 6464K, reserved 1048576K
}
Event: 29.123 GC heap after
{Heap after GC invocations=29 (full 2):
 PSYoungGen      total 24576K, used 2272K [0x00000000d5580000, 0x00000000d7000000, 0x0000000100000000)
  eden space 22016K, 0% used [0x00000000d5580000,0x00000000d5580000,0x00000000d6b00000)
  from space 2560K, 88% used [0x00000000d6c00000,0x00000000d6e38000,0x00000000d6e80000)
  to   space 1536K, 0% used [0x00000000d6e80000,0x00000000d6e80000,0x00000000d7000000)
 ParOldGen       total 68608K, used 35205K [0x0000000080000000, 0x0000000084300000, 0x00000000d5580000)
  object space 68608K, 51% used [0x0000000080000000,0x0000000082261468,0x0000000084300000)
 Metaspace       used 53599K, committed 54912K, reserved 1114112K
  class space    used 5844K, committed 6464K, reserved 1048576K
}
Event: 30.643 GC heap before
{Heap before GC invocations=30 (full 2):
 PSYoungGen      total 24576K, used 24288K [0x00000000d5580000, 0x00000000d7000000, 0x0000000100000000)
  eden space 22016K, 100% used [0x00000000d5580000,0x00000000d6b00000,0x00000000d6b00000)
  from space 2560K, 88% used [0x00000000d6c00000,0x00000000d6e38000,0x00000000d6e80000)
  to   space 1536K, 0% used [0x00000000d6e80000,0x00000000d6e80000,0x00000000d7000000)
 ParOldGen       total 68608K, used 35205K [0x0000000080000000, 0x0000000084300000, 0x00000000d5580000)
  object space 68608K, 51% used [0x0000000080000000,0x0000000082261468,0x0000000084300000)
 Metaspace       used 53714K, committed 55040K, reserved 1114112K
  class space    used 5844K, committed 6464K, reserved 1048576K
}
Event: 30.649 GC heap after
{Heap after GC invocations=30 (full 2):
 PSYoungGen      total 23040K, used 1504K [0x00000000d5580000, 0x00000000d7300000, 0x0000000100000000)
  eden space 21504K, 0% used [0x00000000d5580000,0x00000000d5580000,0x00000000d6a80000)
  from space 1536K, 97% used [0x00000000d6e80000,0x00000000d6ff8020,0x00000000d7000000)
  to   space 4096K, 0% used [0x00000000d6a80000,0x00000000d6a80000,0x00000000d6e80000)
 ParOldGen       total 68608K, used 37439K [0x0000000080000000, 0x0000000084300000, 0x00000000d5580000)
  object space 68608K, 54% used [0x0000000080000000,0x000000008248ff30,0x0000000084300000)
 Metaspace       used 53714K, committed 55040K, reserved 1114112K
  class space    used 5844K, committed 6464K, reserved 1048576K
}
Event: 31.744 GC heap before
{Heap before GC invocations=31 (full 2):
 PSYoungGen      total 23040K, used 23008K [0x00000000d5580000, 0x00000000d7300000, 0x0000000100000000)
  eden space 21504K, 100% used [0x00000000d5580000,0x00000000d6a80000,0x00000000d6a80000)
  from space 1536K, 97% used [0x00000000d6e80000,0x00000000d6ff8020,0x00000000d7000000)
  to   space 4096K, 0% used [0x00000000d6a80000,0x00000000d6a80000,0x00000000d6e80000)
 ParOldGen       total 68608K, used 37439K [0x0000000080000000, 0x0000000084300000, 0x00000000d5580000)
  object space 68608K, 54% used [0x0000000080000000,0x000000008248ff30,0x0000000084300000)
 Metaspace       used 54311K, committed 55616K, reserved 1114112K
  class space    used 5904K, committed 6528K, reserved 1048576K
}
Event: 31.747 GC heap after
{Heap after GC invocations=31 (full 2):
 PSYoungGen      total 23552K, used 1760K [0x00000000d5580000, 0x00000000d6f80000, 0x0000000100000000)
  eden space 21504K, 0% used [0x00000000d5580000,0x00000000d5580000,0x00000000d6a80000)
  from space 2048K, 85% used [0x00000000d6a80000,0x00000000d6c38000,0x00000000d6c80000)
  to   space 2560K, 0% used [0x00000000d6d00000,0x00000000d6d00000,0x00000000d6f80000)
 ParOldGen       total 68608K, used 38773K [0x0000000080000000, 0x0000000084300000, 0x00000000d5580000)
  object space 68608K, 56% used [0x0000000080000000,0x00000000825dd6f8,0x0000000084300000)
 Metaspace       used 54311K, committed 55616K, reserved 1114112K
  class space    used 5904K, committed 6528K, reserved 1048576K
}
Event: 32.268 GC heap before
{Heap before GC invocations=32 (full 2):
 PSYoungGen      total 23552K, used 23264K [0x00000000d5580000, 0x00000000d6f80000, 0x0000000100000000)
  eden space 21504K, 100% used [0x00000000d5580000,0x00000000d6a80000,0x00000000d6a80000)
  from space 2048K, 85% used [0x00000000d6a80000,0x00000000d6c38000,0x00000000d6c80000)
  to   space 2560K, 0% used [0x00000000d6d00000,0x00000000d6d00000,0x00000000d6f80000)
 ParOldGen       total 68608K, used 38773K [0x0000000080000000, 0x0000000084300000, 0x00000000d5580000)
  object space 68608K, 56% used [0x0000000080000000,0x00000000825dd6f8,0x0000000084300000)
 Metaspace       used 54888K, committed 56192K, reserved 1114112K
  class space    used 5969K, committed 6592K, reserved 1048576K
}
Event: 32.273 GC heap after
{Heap after GC invocations=32 (full 2):
 PSYoungGen      total 24064K, used 2288K [0x00000000d5580000, 0x00000000d6f80000, 0x0000000100000000)
  eden space 21504K, 0% used [0x00000000d5580000,0x00000000d5580000,0x00000000d6a80000)
  from space 2560K, 89% used [0x00000000d6d00000,0x00000000d6f3c040,0x00000000d6f80000)
  to   space 2560K, 0% used [0x00000000d6a80000,0x00000000d6a80000,0x00000000d6d00000)
 ParOldGen       total 68608K, used 40293K [0x0000000080000000, 0x0000000084300000, 0x00000000d5580000)
  object space 68608K, 58% used [0x0000000080000000,0x0000000082759418,0x0000000084300000)
 Metaspace       used 54888K, committed 56192K, reserved 1114112K
  class space    used 5969K, committed 6592K, reserved 1048576K
}
Event: 33.187 GC heap before
{Heap before GC invocations=33 (full 2):
 PSYoungGen      total 24064K, used 23792K [0x00000000d5580000, 0x00000000d6f80000, 0x0000000100000000)
  eden space 21504K, 100% used [0x00000000d5580000,0x00000000d6a80000,0x00000000d6a80000)
  from space 2560K, 89% used [0x00000000d6d00000,0x00000000d6f3c040,0x00000000d6f80000)
  to   space 2560K, 0% used [0x00000000d6a80000,0x00000000d6a80000,0x00000000d6d00000)
 ParOldGen       total 68608K, used 40293K [0x0000000080000000, 0x0000000084300000, 0x00000000d5580000)
  object space 68608K, 58% used [0x0000000080000000,0x0000000082759418,0x0000000084300000)
 Metaspace       used 55126K, committed 56512K, reserved 1114112K
  class space    used 5993K, committed 6656K, reserved 1048576K
}
Event: 33.192 GC heap after
{Heap after GC invocations=33 (full 2):
 PSYoungGen      total 24064K, used 2528K [0x00000000d5580000, 0x00000000d7080000, 0x0000000100000000)
  eden space 21504K, 0% used [0x00000000d5580000,0x00000000d5580000,0x00000000d6a80000)
  from space 2560K, 98% used [0x00000000d6a80000,0x00000000d6cf8020,0x00000000d6d00000)
  to   space 3072K, 0% used [0x00000000d6d80000,0x00000000d6d80000,0x00000000d7080000)
 ParOldGen       total 68608K, used 41645K [0x0000000080000000, 0x0000000084300000, 0x00000000d5580000)
  object space 68608K, 60% used [0x0000000080000000,0x00000000828ab438,0x0000000084300000)
 Metaspace       used 55126K, committed 56512K, reserved 1114112K
  class space    used 5993K, committed 6656K, reserved 1048576K
}
Event: 33.448 GC heap before
{Heap before GC invocations=34 (full 2):
 PSYoungGen      total 24064K, used 24032K [0x00000000d5580000, 0x00000000d7080000, 0x0000000100000000)
  eden space 21504K, 100% used [0x00000000d5580000,0x00000000d6a80000,0x00000000d6a80000)
  from space 2560K, 98% used [0x00000000d6a80000,0x00000000d6cf8020,0x00000000d6d00000)
  to   space 3072K, 0% used [0x00000000d6d80000,0x00000000d6d80000,0x00000000d7080000)
 ParOldGen       total 68608K, used 41645K [0x0000000080000000, 0x0000000084300000, 0x00000000d5580000)
  object space 68608K, 60% used [0x0000000080000000,0x00000000828ab438,0x0000000084300000)
 Metaspace       used 55187K, committed 56576K, reserved 1114112K
  class space    used 5993K, committed 6656K, reserved 1048576K
}
Event: 33.453 GC heap after
{Heap after GC invocations=34 (full 2):
 PSYoungGen      total 23040K, used 1312K [0x00000000d5580000, 0x00000000d6f00000, 0x0000000100000000)
  eden space 21504K, 0% used [0x00000000d5580000,0x00000000d5580000,0x00000000d6a80000)
  from space 1536K, 85% used [0x00000000d6d80000,0x00000000d6ec8020,0x00000000d6f00000)
  to   space 2048K, 0% used [0x00000000d6b00000,0x00000000d6b00000,0x00000000d6d00000)
 ParOldGen       total 68608K, used 43522K [0x0000000080000000, 0x0000000084300000, 0x00000000d5580000)
  object space 68608K, 63% used [0x0000000080000000,0x0000000082a80be0,0x0000000084300000)
 Metaspace       used 55187K, committed 56576K, reserved 1114112K
  class space    used 5993K, committed 6656K, reserved 1048576K
}

Dll operation events (13 events):
Event: 0.028 Loaded shared library c:\Users\ElSaeedA5\.vscode\extensions\redhat.java-1.53.0-win32-x64\jre\21.0.10-win32-x86_64\bin\java.dll
Event: 0.100 Loaded shared library c:\Users\ElSaeedA5\.vscode\extensions\redhat.java-1.53.0-win32-x64\jre\21.0.10-win32-x86_64\bin\zip.dll
Event: 0.136 Loaded shared library C:\Users\ElSaeedA5\.vscode\extensions\redhat.java-1.53.0-win32-x64\jre\21.0.10-win32-x86_64\bin\instrument.dll
Event: 0.145 Loaded shared library C:\Users\ElSaeedA5\.vscode\extensions\redhat.java-1.53.0-win32-x64\jre\21.0.10-win32-x86_64\bin\net.dll
Event: 0.150 Loaded shared library C:\Users\ElSaeedA5\.vscode\extensions\redhat.java-1.53.0-win32-x64\jre\21.0.10-win32-x86_64\bin\nio.dll
Event: 0.155 Loaded shared library C:\Users\ElSaeedA5\.vscode\extensions\redhat.java-1.53.0-win32-x64\jre\21.0.10-win32-x86_64\bin\zip.dll
Event: 0.175 Loaded shared library C:\Users\ElSaeedA5\.vscode\extensions\redhat.java-1.53.0-win32-x64\jre\21.0.10-win32-x86_64\bin\jimage.dll
Event: 0.251 Loaded shared library c:\Users\ElSaeedA5\.vscode\extensions\redhat.java-1.53.0-win32-x64\jre\21.0.10-win32-x86_64\bin\verify.dll
Event: 2.983 Loaded shared library C:\Users\ElSaeedA5\AppData\Roaming\Code\User\globalStorage\redhat.java\1.53.0\config_win\org.eclipse.equinox.launcher\org.eclipse.equinox.launcher.win32.win32.x86_64_1.3.0.v20260203-2149\eclipse_11919.dll
Event: 11.281 Loaded shared library C:\Users\ElSaeedA5\AppData\Local\Temp\jna--1688546685\jna8368570902163208607.dll
Event: 17.408 Loaded shared library C:\Users\ElSaeedA5\.vscode\extensions\redhat.java-1.53.0-win32-x64\jre\21.0.10-win32-x86_64\bin\extnet.dll
Event: 17.637 Loaded shared library C:\Users\ElSaeedA5\.vscode\extensions\redhat.java-1.53.0-win32-x64\jre\21.0.10-win32-x86_64\bin\sunmscapi.dll
Event: 17.729 Loaded shared library C:\Users\ElSaeedA5\.vscode\extensions\redhat.java-1.53.0-win32-x64\jre\21.0.10-win32-x86_64\bin\w2k_lsa_auth.dll

Deoptimization events (20 events):
Event: 31.913 Thread 0x0000019ff010ffa0 Uncommon trap: trap_request=0xffffff45 fr.pc=0x0000019f9c5eba40 relative=0x0000000000000e80
Event: 31.913 Thread 0x0000019ff010ffa0 Uncommon trap: reason=unstable_if action=reinterpret pc=0x0000019f9c5eba40 method=java.util.concurrent.ConcurrentHashMap.addCount(JI)V @ 68 c2
Event: 31.913 Thread 0x0000019ff010ffa0 DEOPT PACKING pc=0x0000019f9c5eba40 sp=0x0000001de17fd8c0
Event: 31.913 Thread 0x0000019ff010ffa0 DEOPT UNPACKING pc=0x0000019f9bbd3aa2 sp=0x0000001de17fd790 mode 2
Event: 32.054 Thread 0x0000019ff010ffa0 Uncommon trap: trap_request=0xffffff45 fr.pc=0x0000019f9c5ecdb4 relative=0x00000000000002b4
Event: 32.054 Thread 0x0000019ff010ffa0 Uncommon trap: reason=unstable_if action=reinterpret pc=0x0000019f9c5ecdb4 method=java.util.concurrent.ConcurrentHashMap.addCount(JI)V @ 68 c2
Event: 32.054 Thread 0x0000019ff01119e0 Uncommon trap: trap_request=0xffffff45 fr.pc=0x0000019f9c5ecdb4 relative=0x00000000000002b4
Event: 32.054 Thread 0x0000019ff010ffa0 DEOPT PACKING pc=0x0000019f9c5ecdb4 sp=0x0000001de2bfecb0
Event: 32.054 Thread 0x0000019ff010ffa0 DEOPT UNPACKING pc=0x0000019f9bbd3aa2 sp=0x0000001de2bfebf0 mode 2
Event: 32.054 Thread 0x0000019ff01119e0 Uncommon trap: reason=unstable_if action=reinterpret pc=0x0000019f9c5ecdb4 method=java.util.concurrent.ConcurrentHashMap.addCount(JI)V @ 68 c2
Event: 32.054 Thread 0x0000019ff01119e0 DEOPT PACKING pc=0x0000019f9c5ecdb4 sp=0x0000001de2cfed10
Event: 32.054 Thread 0x0000019ff01119e0 DEOPT UNPACKING pc=0x0000019f9bbd3aa2 sp=0x0000001de2cfec50 mode 2
Event: 32.187 Thread 0x0000019feaaa4440 Uncommon trap: trap_request=0xffffff45 fr.pc=0x0000019f9c5872a8 relative=0x00000000000011a8
Event: 32.187 Thread 0x0000019feaaa4440 Uncommon trap: reason=unstable_if action=reinterpret pc=0x0000019f9c5872a8 method=sun.nio.fs.WindowsPathParser.nextNonSlash(Ljava/lang/String;II)I @ 2 c2
Event: 32.187 Thread 0x0000019feaaa4440 DEOPT PACKING pc=0x0000019f9c5872a8 sp=0x0000001de13fbce0
Event: 32.187 Thread 0x0000019feaaa4440 DEOPT UNPACKING pc=0x0000019f9bbd3aa2 sp=0x0000001de13fbc50 mode 2
Event: 32.422 Thread 0x0000019ff0113420 DEOPT PACKING pc=0x0000019f958ecf46 sp=0x0000001de2cfd440
Event: 32.422 Thread 0x0000019ff0113420 DEOPT UNPACKING pc=0x0000019f9bbd4242 sp=0x0000001de2cfc9c0 mode 0
Event: 33.331 Thread 0x0000019ff0113420 DEOPT PACKING pc=0x0000019f958ecf46 sp=0x0000001de2cfd380
Event: 33.331 Thread 0x0000019ff0113420 DEOPT UNPACKING pc=0x0000019f9bbd4242 sp=0x0000001de2cfc900 mode 0

Classes loaded (20 events):
Event: 31.451 Loading class sun/util/resources/OpenListResourceBundle
Event: 31.452 Loading class sun/util/resources/OpenListResourceBundle done
Event: 31.452 Loading class sun/util/resources/TimeZoneNamesBundle done
Event: 31.452 Loading class sun/util/resources/cldr/TimeZoneNames done
Event: 31.452 Loading class sun/util/resources/cldr/TimeZoneNames_en
Event: 31.455 Loading class sun/util/resources/cldr/TimeZoneNames_en done
Event: 31.455 Loading class sun/util/resources/cldr/TimeZoneNames_en_US
Event: 31.455 Loading class sun/util/resources/cldr/TimeZoneNames_en_US done
Event: 31.457 Loading class sun/util/cldr/CLDRBaseLocaleDataMetaInfo$TZCanonicalIDMapHolder
Event: 31.459 Loading class sun/util/cldr/CLDRBaseLocaleDataMetaInfo$TZCanonicalIDMapHolder done
Event: 31.462 Loading class sun/util/resources/TimeZoneNames
Event: 31.463 Loading class sun/util/resources/TimeZoneNames done
Event: 31.464 Loading class sun/util/resources/TimeZoneNames_en
Event: 31.464 Loading class sun/util/resources/TimeZoneNames_en done
Event: 31.895 Loading class sun/nio/cs/ISO_8859_1$Decoder
Event: 31.895 Loading class sun/nio/cs/ISO_8859_1$Decoder done
Event: 32.022 Loading class java/lang/StackStreamFactory$CallerClassFinder
Event: 32.022 Loading class java/lang/StackStreamFactory$CallerClassFinder done
Event: 32.022 Loading class java/lang/StackStreamFactory$CallerClassFinder$ClassBuffer
Event: 32.022 Loading class java/lang/StackStreamFactory$CallerClassFinder$ClassBuffer done

Classes unloaded (7 events):
Event: 12.625 Thread 0x0000019fa7ec2d70 Unloading class 0x0000019fa91a9000 'java/lang/invoke/LambdaForm$MH+0x0000019fa91a9000'
Event: 12.625 Thread 0x0000019fa7ec2d70 Unloading class 0x0000019fa91a8c00 'java/lang/invoke/LambdaForm$MH+0x0000019fa91a8c00'
Event: 12.625 Thread 0x0000019fa7ec2d70 Unloading class 0x0000019fa91a8800 'java/lang/invoke/LambdaForm$MH+0x0000019fa91a8800'
Event: 12.625 Thread 0x0000019fa7ec2d70 Unloading class 0x0000019fa91a8400 'java/lang/invoke/LambdaForm$MH+0x0000019fa91a8400'
Event: 12.625 Thread 0x0000019fa7ec2d70 Unloading class 0x0000019fa91a8000 'java/lang/invoke/LambdaForm$BMH+0x0000019fa91a8000'
Event: 12.625 Thread 0x0000019fa7ec2d70 Unloading class 0x0000019fa91a7c00 'java/lang/invoke/LambdaForm$DMH+0x0000019fa91a7c00'
Event: 12.625 Thread 0x0000019fa7ec2d70 Unloading class 0x0000019fa91a6800 'java/lang/invoke/LambdaForm$DMH+0x0000019fa91a6800'

Classes redefined (0 events):
No events

Internal exceptions (20 events):
Event: 32.303 Thread 0x0000019feaaa4440 Exception <a 'sun/nio/fs/WindowsException'{0x00000000d55a0050}> (0x00000000d55a0050) 
thrown [s\src\hotspot\share\prims\jni.cpp, line 520]
Event: 32.303 Thread 0x0000019feaaa4440 Exception <a 'sun/nio/fs/WindowsException'{0x00000000d55a0be0}> (0x00000000d55a0be0) 
thrown [s\src\hotspot\share\prims\jni.cpp, line 520]
Event: 32.307 Thread 0x0000019feaaa4440 Exception <a 'sun/nio/fs/WindowsException'{0x00000000d55a2130}> (0x00000000d55a2130) 
thrown [s\src\hotspot\share\prims\jni.cpp, line 520]
Event: 32.308 Thread 0x0000019feaaa4440 Exception <a 'sun/nio/fs/WindowsException'{0x00000000d55a2cd0}> (0x00000000d55a2cd0) 
thrown [s\src\hotspot\share\prims\jni.cpp, line 520]
Event: 32.309 Thread 0x0000019feaaa4440 Exception <a 'sun/nio/fs/WindowsException'{0x00000000d55a3c40}> (0x00000000d55a3c40) 
thrown [s\src\hotspot\share\prims\jni.cpp, line 520]
Event: 32.309 Thread 0x0000019feaaa4440 Exception <a 'sun/nio/fs/WindowsException'{0x00000000d55a47e0}> (0x00000000d55a47e0) 
thrown [s\src\hotspot\share\prims\jni.cpp, line 520]
Event: 32.310 Thread 0x0000019feaaa4440 Exception <a 'sun/nio/fs/WindowsException'{0x00000000d55a57b0}> (0x00000000d55a57b0) 
thrown [s\src\hotspot\share\prims\jni.cpp, line 520]
Event: 32.310 Thread 0x0000019feaaa4440 Exception <a 'sun/nio/fs/WindowsException'{0x00000000d55a6350}> (0x00000000d55a6350) 
thrown [s\src\hotspot\share\prims\jni.cpp, line 520]
Event: 32.319 Thread 0x0000019feaaa4440 Exception <a 'sun/nio/fs/WindowsException'{0x00000000d55a7f28}> (0x00000000d55a7f28) 
thrown [s\src\hotspot\share\prims\jni.cpp, line 520]
Event: 32.319 Thread 0x0000019feaaa4440 Exception <a 'sun/nio/fs/WindowsException'{0x00000000d55a8ac8}> (0x00000000d55a8ac8) 
thrown [s\src\hotspot\share\prims\jni.cpp, line 520]
Event: 32.323 Thread 0x0000019feaaa4440 Exception <a 'sun/nio/fs/WindowsException'{0x00000000d55a9ee8}> (0x00000000d55a9ee8) 
thrown [s\src\hotspot\share\prims\jni.cpp, line 520]
Event: 32.323 Thread 0x0000019feaaa4440 Exception <a 'sun/nio/fs/WindowsException'{0x00000000d55aa970}> (0x00000000d55aa970) 
thrown [s\src\hotspot\share\prims\jni.cpp, line 520]
Event: 32.324 Thread 0x0000019feaaa4440 Exception <a 'sun/nio/fs/WindowsException'{0x00000000d55ab638}> (0x00000000d55ab638) 
thrown [s\src\hotspot\share\prims\jni.cpp, line 520]
Event: 32.324 Thread 0x0000019feaaa4440 Exception <a 'sun/nio/fs/WindowsException'{0x00000000d55ac0c0}> (0x00000000d55ac0c0) 
thrown [s\src\hotspot\share\prims\jni.cpp, line 520]
Event: 32.324 Thread 0x0000019feaaa4440 Exception <a 'sun/nio/fs/WindowsException'{0x00000000d55acde8}> (0x00000000d55acde8) 
thrown [s\src\hotspot\share\prims\jni.cpp, line 520]
Event: 32.324 Thread 0x0000019feaaa4440 Exception <a 'sun/nio/fs/WindowsException'{0x00000000d55ad870}> (0x00000000d55ad870) 
thrown [s\src\hotspot\share\prims\jni.cpp, line 520]
Event: 32.327 Thread 0x0000019feaaa4440 Exception <a 'sun/nio/fs/WindowsException'{0x00000000d55aee78}> (0x00000000d55aee78) 
thrown [s\src\hotspot\share\prims\jni.cpp, line 520]
Event: 32.327 Thread 0x0000019feaaa4440 Exception <a 'sun/nio/fs/WindowsException'{0x00000000d55af900}> (0x00000000d55af900) 
thrown [s\src\hotspot\share\prims\jni.cpp, line 520]
Event: 32.331 Thread 0x0000019feaaa4440 Exception <a 'java/lang/NoSuchMethodError'{0x00000000d55c5138}: 'void java.lang.invoke.DirectMethodHandle$Holder.invokeVirtual(java.lang.Object, java.lang.Object, java.lang.Object, java.lang.Object)'> (0x00000000d55c5138) 
thrown [s\src\hotspot\share\interpreter\linkResolver.cpp, line 773]
Event: 32.353 Thread 0x0000019ff0113ab0 Exception <a 'java/lang/NoSuchMethodError'{0x00000000d56dfa08}: 'int java.lang.invoke.DirectMethodHandle$Holder.invokeSpecialIFC(java.lang.Object, java.lang.Object, java.lang.Object, java.lang.Object)'> (0x00000000d56dfa08) 
thrown [s\src\hotspot\share\interpreter\linkResolver.cpp, line 773]

ZGC Phase Switch (0 events):
No events

VM Operations (20 events):
Event: 29.116 Executing safepoint VM operation: ParallelGCFailedAllocation (Allocation Failure)
Event: 29.123 Executing safepoint VM operation: ParallelGCFailedAllocation (Allocation Failure) done
Event: 30.130 Executing safepoint VM operation: Cleanup
Event: 30.131 Executing safepoint VM operation: Cleanup done
Event: 30.643 Executing safepoint VM operation: ParallelGCFailedAllocation (Allocation Failure)
Event: 30.649 Executing safepoint VM operation: ParallelGCFailedAllocation (Allocation Failure) done
Event: 31.395 Executing non-safepoint VM operation: HandshakeAllThreads (Deoptimize)
Event: 31.395 Executing non-safepoint VM operation: HandshakeAllThreads (Deoptimize) done
Event: 31.744 Executing safepoint VM operation: ParallelGCFailedAllocation (Allocation Failure)
Event: 31.747 Executing safepoint VM operation: ParallelGCFailedAllocation (Allocation Failure) done
Event: 32.022 Executing non-safepoint VM operation: HandshakeAllThreads (Deoptimize)
Event: 32.022 Executing non-safepoint VM operation: HandshakeAllThreads (Deoptimize) done
Event: 32.232 Executing safepoint VM operation: ICBufferFull
Event: 32.232 Executing safepoint VM operation: ICBufferFull done
Event: 32.267 Executing safepoint VM operation: ParallelGCFailedAllocation (Allocation Failure)
Event: 32.273 Executing safepoint VM operation: ParallelGCFailedAllocation (Allocation Failure) done
Event: 33.187 Executing safepoint VM operation: ParallelGCFailedAllocation (Allocation Failure)
Event: 33.192 Executing safepoint VM operation: ParallelGCFailedAllocation (Allocation Failure) done
Event: 33.432 Executing safepoint VM operation: ParallelGCFailedAllocation (Allocation Failure)
Event: 33.453 Executing safepoint VM operation: ParallelGCFailedAllocation (Allocation Failure) done

Memory protections (0 events):
No events

Nmethod flushes (20 events):
Event: 16.545 Thread 0x0000019fa7ec2d70 flushing  nmethod 0x0000019f94d24710
Event: 16.545 Thread 0x0000019fa7ec2d70 flushing  nmethod 0x0000019f94d31490
Event: 16.545 Thread 0x0000019fa7ec2d70 flushing  nmethod 0x0000019f94d39e90
Event: 16.545 Thread 0x0000019fa7ec2d70 flushing  nmethod 0x0000019f94d3d790
Event: 16.545 Thread 0x0000019fa7ec2d70 flushing  nmethod 0x0000019f94d6e610
Event: 16.545 Thread 0x0000019fa7ec2d70 flushing  nmethod 0x0000019f94d6ea10
Event: 16.545 Thread 0x0000019fa7ec2d70 flushing  nmethod 0x0000019f94d6f310
Event: 16.545 Thread 0x0000019fa7ec2d70 flushing  nmethod 0x0000019f94d70510
Event: 16.545 Thread 0x0000019fa7ec2d70 flushing  nmethod 0x0000019f94d70d10
Event: 16.545 Thread 0x0000019fa7ec2d70 flushing  nmethod 0x0000019f94d76190
Event: 16.545 Thread 0x0000019fa7ec2d70 flushing  nmethod 0x0000019f94d77610
Event: 16.545 Thread 0x0000019fa7ec2d70 flushing  nmethod 0x0000019f94dc4390
Event: 16.545 Thread 0x0000019fa7ec2d70 flushing  nmethod 0x0000019f94dc6890
Event: 16.545 Thread 0x0000019fa7ec2d70 flushing  nmethod 0x0000019f94dc7a90
Event: 16.545 Thread 0x0000019fa7ec2d70 flushing  nmethod 0x0000019f94dd3d90
Event: 16.545 Thread 0x0000019fa7ec2d70 flushing  nmethod 0x0000019f94e0a510
Event: 16.545 Thread 0x0000019fa7ec2d70 flushing  nmethod 0x0000019f94e10a90
Event: 16.545 Thread 0x0000019fa7ec2d70 flushing  nmethod 0x0000019f94e31210
Event: 16.545 Thread 0x0000019fa7ec2d70 flushing  nmethod 0x0000019f94e51a90
Event: 16.545 Thread 0x0000019fa7ec2d70 flushing  nmethod 0x0000019f94e51f10

Events (20 events):
Event: 32.041 Thread 0x0000019feaaa4440 Thread added: 0x0000019ff0110cc0
Event: 32.042 Thread 0x0000019feaaa4440 Thread added: 0x0000019ff010ffa0
Event: 32.042 Thread 0x0000019feaaa4440 Thread added: 0x0000019ff01119e0
Event: 32.042 Thread 0x0000019feaaa4440 Thread added: 0x0000019ff0113420
Event: 32.042 Thread 0x0000019feaaa4440 Thread added: 0x0000019feaa9f180
Event: 32.056 Thread 0x0000019ff01119e0 Thread exited: 0x0000019ff01119e0
Event: 32.056 Thread 0x0000019ff0113420 Thread exited: 0x0000019ff0113420
Event: 32.056 Thread 0x0000019ff0110cc0 Thread exited: 0x0000019ff0110cc0
Event: 32.056 Thread 0x0000019feaa9f180 Thread exited: 0x0000019feaa9f180
Event: 32.056 Thread 0x0000019ff010ffa0 Thread exited: 0x0000019ff010ffa0
Event: 32.378 Thread 0x0000019feaaa4440 Thread added: 0x0000019ff010ffa0
Event: 32.378 Thread 0x0000019feaaa4440 Thread added: 0x0000019ff01119e0
Event: 32.378 Thread 0x0000019feaaa4440 Thread added: 0x0000019ff0113420
Event: 32.378 Thread 0x0000019feaaa4440 Thread added: 0x0000019ff0110cc0
Event: 32.378 Thread 0x0000019feaaa4440 Thread added: 0x0000019ff3640ae0
Event: 33.468 Thread 0x0000019ff0113420 Thread exited: 0x0000019ff0113420
Event: 33.468 Thread 0x0000019ff0110cc0 Thread exited: 0x0000019ff0110cc0
Event: 33.471 Thread 0x0000019ff010ffa0 Thread exited: 0x0000019ff010ffa0
Event: 33.471 Thread 0x0000019ff01119e0 Thread exited: 0x0000019ff01119e0
Event: 33.472 Thread 0x0000019ff3640ae0 Thread exited: 0x0000019ff3640ae0


Dynamic libraries:
0x00007ff73cb70000 - 0x00007ff73cb7e000 	c:\Users\ElSaeedA5\.vscode\extensions\redhat.java-1.53.0-win32-x64\jre\21.0.10-win32-x86_64\bin\java.exe
0x00007ffbd7e30000 - 0x00007ffbd8048000 	C:\windows\SYSTEM32\ntdll.dll
0x00007ffbd5db0000 - 0x00007ffbd5e74000 	C:\windows\System32\KERNEL32.DLL
0x00007ffbd5470000 - 0x00007ffbd5837000 	C:\windows\System32\KERNELBASE.dll
0x00007ffbd5350000 - 0x00007ffbd5461000 	C:\windows\System32\ucrtbase.dll
0x00007ffbce050000 - 0x00007ffbce068000 	c:\Users\ElSaeedA5\.vscode\extensions\redhat.java-1.53.0-win32-x64\jre\21.0.10-win32-x86_64\bin\jli.dll
0x00007ffbcd250000 - 0x00007ffbcd26e000 	c:\Users\ElSaeedA5\.vscode\extensions\redhat.java-1.53.0-win32-x64\jre\21.0.10-win32-x86_64\bin\VCRUNTIME140.dll
0x00007ffbd6bb0000 - 0x00007ffbd6d62000 	C:\windows\System32\USER32.dll
0x00007ffbd5980000 - 0x00007ffbd59a6000 	C:\windows\System32\win32u.dll
0x00007ffbd5e80000 - 0x00007ffbd5ea9000 	C:\windows\System32\GDI32.dll
0x00007ffbb8660000 - 0x00007ffbb88fc000 	C:\windows\WinSxS\amd64_microsoft.windows.common-controls_6595b64144ccf1df_6.0.22621.6060_none_2712eda17382d24b\COMCTL32.dll
0x00007ffbd59b0000 - 0x00007ffbd5acb000 	C:\windows\System32\gdi32full.dll
0x00007ffbd6670000 - 0x00007ffbd6717000 	C:\windows\System32\msvcrt.dll
0x00007ffbd52b0000 - 0x00007ffbd534a000 	C:\windows\System32\msvcp_win.dll
0x00007ffbd61b0000 - 0x00007ffbd61e1000 	C:\windows\System32\IMM32.DLL
0x00007ffbce0c0000 - 0x00007ffbce0cc000 	c:\Users\ElSaeedA5\.vscode\extensions\redhat.java-1.53.0-win32-x64\jre\21.0.10-win32-x86_64\bin\vcruntime140_1.dll
0x00007ffba2b20000 - 0x00007ffba2bad000 	c:\Users\ElSaeedA5\.vscode\extensions\redhat.java-1.53.0-win32-x64\jre\21.0.10-win32-x86_64\bin\msvcp140.dll
0x00007ffb6d380000 - 0x00007ffb6e121000 	c:\Users\ElSaeedA5\.vscode\extensions\redhat.java-1.53.0-win32-x64\jre\21.0.10-win32-x86_64\bin\server\jvm.dll
0x00007ffbd6090000 - 0x00007ffbd6141000 	C:\windows\System32\ADVAPI32.dll
0x00007ffbd6e40000 - 0x00007ffbd6ee8000 	C:\windows\System32\sechost.dll
0x00007ffbd4f50000 - 0x00007ffbd4f78000 	C:\windows\System32\bcrypt.dll
0x00007ffbd6a60000 - 0x00007ffbd6b78000 	C:\windows\System32\RPCRT4.dll
0x00007ffbd5ca0000 - 0x00007ffbd5d11000 	C:\windows\System32\WS2_32.dll
0x00007ffbd3ca0000 - 0x00007ffbd3ced000 	C:\windows\SYSTEM32\POWRPROF.dll
0x00007ffbcc480000 - 0x00007ffbcc4b4000 	C:\windows\SYSTEM32\WINMM.dll
0x00007ffbd13b0000 - 0x00007ffbd13ba000 	C:\windows\SYSTEM32\VERSION.dll
0x00007ffbd3c60000 - 0x00007ffbd3c73000 	C:\windows\SYSTEM32\UMPDC.dll
0x00007ffbd3f00000 - 0x00007ffbd3f18000 	C:\windows\SYSTEM32\kernel.appcore.dll
0x00007ffbcc860000 - 0x00007ffbcc86a000 	c:\Users\ElSaeedA5\.vscode\extensions\redhat.java-1.53.0-win32-x64\jre\21.0.10-win32-x86_64\bin\jimage.dll
0x00007ffbd25c0000 - 0x00007ffbd27f3000 	C:\windows\SYSTEM32\DBGHELP.DLL
0x00007ffbd7790000 - 0x00007ffbd7b21000 	C:\windows\System32\combase.dll
0x00007ffbd7d00000 - 0x00007ffbd7dd8000 	C:\windows\System32\OLEAUT32.dll
0x00007ffbbd8a0000 - 0x00007ffbbd8d2000 	C:\windows\SYSTEM32\dbgcore.DLL
0x00007ffbd5840000 - 0x00007ffbd58bb000 	C:\windows\System32\bcryptPrimitives.dll
0x00007ffbcb9b0000 - 0x00007ffbcb9bf000 	c:\Users\ElSaeedA5\.vscode\extensions\redhat.java-1.53.0-win32-x64\jre\21.0.10-win32-x86_64\bin\instrument.dll
0x00007ffbcae10000 - 0x00007ffbcae30000 	c:\Users\ElSaeedA5\.vscode\extensions\redhat.java-1.53.0-win32-x64\jre\21.0.10-win32-x86_64\bin\java.dll
0x00007ffbd6ef0000 - 0x00007ffbd778c000 	C:\windows\System32\SHELL32.dll
0x00007ffbd5000000 - 0x00007ffbd513f000 	C:\windows\System32\wintypes.dll
0x00007ffbd2c60000 - 0x00007ffbd357a000 	C:\windows\SYSTEM32\windows.storage.dll
0x00007ffbd5eb0000 - 0x00007ffbd5fb4000 	C:\windows\System32\SHCORE.dll
0x00007ffbd5ad0000 - 0x00007ffbd5b39000 	C:\windows\System32\shlwapi.dll
0x00007ffbd4e80000 - 0x00007ffbd4ea5000 	C:\windows\SYSTEM32\profapi.dll
0x00007ffbca0f0000 - 0x00007ffbca108000 	c:\Users\ElSaeedA5\.vscode\extensions\redhat.java-1.53.0-win32-x64\jre\21.0.10-win32-x86_64\bin\zip.dll
0x00007ffbcb9a0000 - 0x00007ffbcb9b0000 	C:\Users\ElSaeedA5\.vscode\extensions\redhat.java-1.53.0-win32-x64\jre\21.0.10-win32-x86_64\bin\net.dll
0x00007ffbd3f20000 - 0x00007ffbd404c000 	C:\windows\SYSTEM32\WINHTTP.dll
0x00007ffbd44f0000 - 0x00007ffbd4559000 	C:\windows\system32\mswsock.dll
0x00007ffbc9bf0000 - 0x00007ffbc9c06000 	C:\Users\ElSaeedA5\.vscode\extensions\redhat.java-1.53.0-win32-x64\jre\21.0.10-win32-x86_64\bin\nio.dll
0x00007ffbc96b0000 - 0x00007ffbc96c0000 	c:\Users\ElSaeedA5\.vscode\extensions\redhat.java-1.53.0-win32-x64\jre\21.0.10-win32-x86_64\bin\verify.dll
0x00007ffba9610000 - 0x00007ffba9655000 	C:\Users\ElSaeedA5\AppData\Roaming\Code\User\globalStorage\redhat.java\1.53.0\config_win\org.eclipse.equinox.launcher\org.eclipse.equinox.launcher.win32.win32.x86_64_1.3.0.v20260203-2149\eclipse_11919.dll
0x00007ffbd6720000 - 0x00007ffbd68c1000 	C:\windows\System32\ole32.dll
0x00007ffbd4790000 - 0x00007ffbd47ab000 	C:\windows\SYSTEM32\CRYPTSP.dll
0x00007ffbd3e60000 - 0x00007ffbd3e97000 	C:\windows\system32\rsaenh.dll
0x00007ffbd4590000 - 0x00007ffbd45b8000 	C:\windows\SYSTEM32\USERENV.dll
0x00007ffbd4770000 - 0x00007ffbd477c000 	C:\windows\SYSTEM32\CRYPTBASE.dll
0x00007ffbd36d0000 - 0x00007ffbd36fd000 	C:\windows\SYSTEM32\IPHLPAPI.DLL
0x00007ffbd69e0000 - 0x00007ffbd69e9000 	C:\windows\System32\NSI.dll
0x00007ffba2850000 - 0x00007ffba2899000 	C:\Users\ElSaeedA5\AppData\Local\Temp\jna--1688546685\jna8368570902163208607.dll
0x00007ffbd6ba0000 - 0x00007ffbd6ba8000 	C:\windows\System32\PSAPI.DLL
0x00007ffbcf760000 - 0x00007ffbcf779000 	C:\windows\SYSTEM32\dhcpcsvc6.DLL
0x00007ffbcf740000 - 0x00007ffbcf75f000 	C:\windows\SYSTEM32\dhcpcsvc.DLL
0x00007ffbd3700000 - 0x00007ffbd37f8000 	C:\windows\SYSTEM32\DNSAPI.dll
0x00007ffbcc380000 - 0x00007ffbcc38a000 	C:\Windows\System32\rasadhlp.dll
0x00007ffbcfab0000 - 0x00007ffbcfb34000 	C:\windows\System32\fwpuclnt.dll
0x00007ffbce910000 - 0x00007ffbce919000 	C:\Users\ElSaeedA5\.vscode\extensions\redhat.java-1.53.0-win32-x64\jre\21.0.10-win32-x86_64\bin\extnet.dll
0x00007ffbc96a0000 - 0x00007ffbc96ae000 	C:\Users\ElSaeedA5\.vscode\extensions\redhat.java-1.53.0-win32-x64\jre\21.0.10-win32-x86_64\bin\sunmscapi.dll
0x00007ffbd5140000 - 0x00007ffbd52a8000 	C:\windows\System32\CRYPT32.dll
0x00007ffbd4890000 - 0x00007ffbd48be000 	C:\windows\SYSTEM32\ncrypt.dll
0x00007ffbd4850000 - 0x00007ffbd4887000 	C:\windows\SYSTEM32\NTASN1.dll
0x00007ffbc9670000 - 0x00007ffbc967a000 	C:\Users\ElSaeedA5\.vscode\extensions\redhat.java-1.53.0-win32-x64\jre\21.0.10-win32-x86_64\bin\w2k_lsa_auth.dll
0x00007ffbd3cf0000 - 0x00007ffbd3cfc000 	C:\windows\SYSTEM32\Secur32.dll
0x00007ffbd4290000 - 0x00007ffbd42d3000 	C:\windows\SYSTEM32\SSPICLI.DLL
0x00007ffbbcd50000 - 0x00007ffbbcf45000 	C:\windows\system32\urlmon.dll
0x00007ffbbb370000 - 0x00007ffbbb62f000 	C:\windows\SYSTEM32\iertutil.dll
0x00007ffbd3a50000 - 0x00007ffbd3a78000 	C:\windows\SYSTEM32\srvcli.dll
0x00007ffbd3a80000 - 0x00007ffbd3a8c000 	C:\windows\SYSTEM32\netutils.dll
0x00007ffba6b90000 - 0x00007ffba6ba7000 	C:\windows\system32\napinsp.dll
0x00007ffba6550000 - 0x00007ffba656b000 	C:\windows\system32\pnrpnsp.dll
0x00007ffba6530000 - 0x00007ffba6541000 	C:\windows\System32\winrnr.dll
0x00007ffbcb0c0000 - 0x00007ffbcb0d5000 	C:\windows\system32\wshbth.dll
0x00007ffba6500000 - 0x00007ffba6521000 	C:\windows\system32\nlansp_c.dll
0x00007ffbd4450000 - 0x00007ffbd44e7000 	C:\windows\system32\msv1_0.DLL
0x00007ffbd47e0000 - 0x00007ffbd47f8000 	C:\windows\SYSTEM32\NtlmShared.dll

JVMTI agents:
c:\Users\ElSaeedA5\.vscode\extensions\redhat.java-1.53.0-win32-x64\lombok\lombok-1.18.39-4050.jar path:c:\Users\ElSaeedA5\.vscode\extensions\redhat.java-1.53.0-win32-x64\jre\21.0.10-win32-x86_64\bin\instrument.dll, loaded, initialized, instrumentlib options:none

dbghelp: loaded successfully - version: 4.0.5 - missing functions: none
symbol engine: initialized successfully - sym options: 0x614 - pdb path: .;c:\Users\ElSaeedA5\.vscode\extensions\redhat.java-1.53.0-win32-x64\jre\21.0.10-win32-x86_64\bin;C:\windows\SYSTEM32;C:\windows\WinSxS\amd64_microsoft.windows.common-controls_6595b64144ccf1df_6.0.22621.6060_none_2712eda17382d24b;c:\Users\ElSaeedA5\.vscode\extensions\redhat.java-1.53.0-win32-x64\jre\21.0.10-win32-x86_64\bin\server;C:\Users\ElSaeedA5\AppData\Roaming\Code\User\globalStorage\redhat.java\1.53.0\config_win\org.eclipse.equinox.launcher\org.eclipse.equinox.launcher.win32.win32.x86_64_1.3.0.v20260203-2149;C:\Users\ElSaeedA5\AppData\Local\Temp\jna--1688546685

VM Arguments:
jvm_args: --add-modules=ALL-SYSTEM --add-opens=java.base/java.util=ALL-UNNAMED --add-opens=java.base/java.lang=ALL-UNNAMED --add-opens=java.base/sun.nio.fs=ALL-UNNAMED -Declipse.application=org.eclipse.jdt.ls.core.id1 -Dosgi.bundles.defaultStartLevel=4 -Declipse.product=org.eclipse.jdt.ls.core.product -Djava.import.generatesMetadataFilesAtProjectRoot=false -DDetectVMInstallationsJob.disabled=true -Dfile.encoding=utf8 -XX:+UseParallelGC -XX:GCTimeRatio=4 -XX:AdaptiveSizePolicyWeight=90 -Dsun.zip.disableMemoryMapping=true -Xmx2G -Xms100m -Xlog:disable -javaagent:c:\Users\ElSaeedA5\.vscode\extensions\redhat.java-1.53.0-win32-x64\lombok\lombok-1.18.39-4050.jar -XX:+HeapDumpOnOutOfMemoryError -XX:HeapDumpPath=c:\Users\ElSaeedA5\AppData\Roaming\Code\User\workspaceStorage\a149a0c17d2ed1ea57f619b48d71368e\redhat.java -Daether.dependencyCollector.impl=bf 
java_command: c:\Users\ElSaeedA5\.vscode\extensions\redhat.java-1.53.0-win32-x64\server\plugins\org.eclipse.equinox.launcher_1.7.100.v20251111-0406.jar -configuration c:\Users\ElSaeedA5\AppData\Roaming\Code\User\globalStorage\redhat.java\1.53.0\config_win -data c:\Users\ElSaeedA5\AppData\Roaming\Code\User\workspaceStorage\a149a0c17d2ed1ea57f619b48d71368e\redhat.java\jdt_ws --pipe=\\.\pipe\lsp-dbe2c2b3433a0451ceb68d576af88a9f-sock
java_class_path (initial): c:\Users\ElSaeedA5\.vscode\extensions\redhat.java-1.53.0-win32-x64\server\plugins\org.eclipse.equinox.launcher_1.7.100.v20251111-0406.jar
Launcher Type: SUN_STANDARD

[Global flags]
    uintx AdaptiveSizePolicyWeight                 = 90                                        {product} {command line}
     intx CICompilerCount                          = 4                                         {product} {ergonomic}
    uintx GCTimeRatio                              = 4                                         {product} {command line}
     bool HeapDumpOnOutOfMemoryError               = true                                   {manageable} {command line}
    ccstr HeapDumpPath                             = c:\Users\ElSaeedA5\AppData\Roaming\Code\User\workspaceStorage\a149a0c17d2ed1ea57f619b48d71368e\redhat.java         {manageable} {command line}
   size_t InitialHeapSize                          = 104857600                                 {product} {command line}
   size_t MaxHeapSize                              = 2147483648                                {product} {command line}
   size_t MaxNewSize                               = 715653120                                 {product} {ergonomic}
   size_t MinHeapDeltaBytes                        = 524288                                    {product} {ergonomic}
   size_t MinHeapSize                              = 104857600                                 {product} {command line}
   size_t NewSize                                  = 34603008                                  {product} {ergonomic}
    uintx NonNMethodCodeHeapSize                   = 5839372                                {pd product} {ergonomic}
    uintx NonProfiledCodeHeapSize                  = 122909434                              {pd product} {ergonomic}
   size_t OldSize                                  = 70254592                                  {product} {ergonomic}
    uintx ProfiledCodeHeapSize                     = 122909434                              {pd product} {ergonomic}
    uintx ReservedCodeCacheSize                    = 251658240                              {pd product} {ergonomic}
     bool SegmentedCodeCache                       = true                                      {product} {ergonomic}
   size_t SoftMaxHeapSize                          = 2147483648                             {manageable} {ergonomic}
     bool UseCompressedOops                        = true                           {product lp64_product} {ergonomic}
     bool UseLargePagesIndividualAllocation        = false                                  {pd product} {ergonomic}
     bool UseParallelGC                            = true                                      {product} {command line}

Logging:
Log output configuration:
 #0: stdout all=off uptime,level,tags foldmultilines=false
 #1: stderr all=off uptime,level,tags foldmultilines=false

Release file:
JAVA_VERSION="21.0.10" 
MODULES="java.base java.compiler java.datatransfer java.xml java.prefs java.desktop java.instrument java.logging java.management java.security.sasl java.naming java.rmi java.management.rmi java.net.http java.scripting java.security.jgss java.transaction.xa java.sql java.sql.rowset java.xml.crypto java.se java.smartcardio jdk.accessibility jdk.internal.jvmstat jdk.attach jdk.charsets jdk.internal.opt jdk.zipfs jdk.compiler jdk.crypto.ec jdk.crypto.cryptoki jdk.crypto.mscapi jdk.dynalink jdk.internal.ed jdk.editpad jdk.hotspot.agent jdk.httpserver jdk.internal.le jdk.internal.vm.ci jdk.internal.vm.compiler jdk.internal.vm.compiler.management jdk.jartool jdk.javadoc jdk.jcmd jdk.management jdk.management.agent jdk.jconsole jdk.jdeps jdk.jdwp.agent jdk.jdi jdk.jfr jdk.jshell jdk.jsobject jdk.jstatd jdk.localedata jdk.management.jfr jdk.naming.dns jdk.naming.rmi jdk.net jdk.nio.mapmode jdk.random jdk.sctp jdk.security.auth jdk.security.jgss jdk.unsupported jdk.unsupported.desktop jdk.xml.dom" 

Environment Variables:
PATH=C:\Program Files\Common Files\Oracle\Java\javapath;C:\Program Files (x86)\Common Files\Oracle\Java\java8path;C:\Program Files (x86)\Common Files\Oracle\Java\javapath;D:\Python\Scripts\;D:\Python\;C:\Program Files\Python312\Scripts\;C:\Program Files\Python312\;C:\windows\system32;C:\windows;C:\windows\System32\Wbem;C:\windows\System32\WindowsPowerShell\v1.0\;C:\windows\System32\OpenSSH\;C:\Users\v19asafwat\AppData\Roaming\nvm;C:\Program Files\nodejs;C:\ProgramData\chocolatey\bin;C:\Program Files\WindowsPowerShell\Scripts;C:\windows\system32;C:\windows;C:\windows\System32\Wbem;C:\windows\System32\WindowsPowerShell\v1.0\;C:\windows\System32\OpenSSH\;C:\Program Files\TortoiseGit\bin;C:\Program Files\nodejs\;C:\Program Files\Git\cmd;C:\Program Files\Docker\Docker\resources\bin;C:\Program Files\JetBrains\IntelliJ IDEA Community Edition 2020.2.2\plugins\maven\lib\maven3\bin;C:\Users\ElSaeedA5\AppData\Local\Microsoft\WindowsApps;C:\Users\ElSaeedA5\AppData\Local\Programs\IntelliJ IDEA 2025.2.1\bin;C:\Users\ElSaeedA5\AppData\Local\Programs\IntelliJ IDEA 2025.2.1\plugins\maven\lib\maven3\bin;D:\jdk-17\bin;C:\Users\ElSaeedA5\AppData\Local\Programs\Microsoft VS Code\bin
USERNAME=ElSaeedA5
OS=Windows_NT
PROCESSOR_IDENTIFIER=Intel64 Family 6 Model 142 Stepping 12, GenuineIntel
TMP=C:\Users\ELSAEE~1\AppData\Local\Temp
TEMP=C:\Users\ELSAEE~1\AppData\Local\Temp




Periodic native trim disabled

---------------  S Y S T E M  ---------------

OS:
 Windows 11 , 64 bit Build 22621 (10.0.22621.5415)
OS uptime: 95 days 7:06 hours
Hyper-V role detected

CPU: total 8 (initial active 8) (4 cores per cpu, 2 threads per core) family 6 model 142 stepping 12 microcode 0xea, cx8, cmov, fxsr, ht, mmx, 3dnowpref, sse, sse2, sse3, ssse3, sse4.1, sse4.2, popcnt, lzcnt, tsc, tscinvbit, avx, avx2, aes, erms, clmul, bmi1, bmi2, adx, fma, vzeroupper, clflush, clflushopt, hv, rdtscp, f16c
Processor Information for the first 8 processors :
  Max Mhz: 2304, Current Mhz: 801, Mhz Limit: 783

Memory: 4k page, system-wide physical 16102M (289M free)
TotalPageFile size 40998M (AvailPageFile size 0M)
current process WorkingSet (physical memory assigned to process): 252M, peak: 252M
current process commit charge ("private bytes"): 349M, peak: 355M

vm_info: OpenJDK 64-Bit Server VM (21.0.10+7-LTS) for windows-amd64 JRE (21.0.10+7-LTS), built on 2026-01-20T00:00:00Z by "admin" with MS VC++ 17.12 (VS2022)

END.
